--- Copying files at Wed Feb  7 08:52:35 UTC 2024
--- Copying files at Thu Feb  8 14:11:47 UTC 2024
--- Copying files at Fri Feb  9 06:50:36 UTC 2024
--- Copying files at Tue Feb 13 07:38:49 UTC 2024
--- Copying files at Tue Feb 13 09:17:06 UTC 2024
--- Copying files at Tue Feb 13 09:22:56 UTC 2024
--- Copying files at Tue Feb 13 09:45:02 UTC 2024
--- Copying files at Thu Feb 15 06:34:16 UTC 2024
--- Copying files at Thu Feb 15 08:38:11 UTC 2024
--- Copying files at Mon Feb 19 06:54:30 UTC 2024
--- Copying files at Mon Feb 19 11:42:46 UTC 2024
--- Copying files at Tue Feb 20 07:58:53 UTC 2024
--- Copying files at Tue Feb 20 08:00:48 UTC 2024
--- Copying files at Tue Feb 20 10:22:11 UTC 2024
--- Copying files at Wed Feb 21 09:22:33 UTC 2024
--- Copying files at Wed Feb 21 12:09:52 UTC 2024
--- Copying files at Wed Mar  6 09:28:12 UTC 2024
--- Copying files at Wed Mar  6 09:29:53 UTC 2024
--- Copying files at Fri Mar 15 06:13:49 UTC 2024
--- Copying files at Fri Mar 15 06:23:01 UTC 2024
--- Copying files at Fri Mar 15 06:29:54 UTC 2024
--- Copying files at Fri Mar 15 06:35:34 UTC 2024
--- Copying files at Fri Mar 15 06:44:23 UTC 2024
--- Copying files at Fri Mar 15 06:47:36 UTC 2024
--- Copying files at Fri Mar 15 06:50:17 UTC 2024
--- Copying files at Fri Mar 15 07:05:51 UTC 2024
--- Copying files at Fri Mar 15 09:59:28 UTC 2024
--- Copying files at Fri Mar 15 11:43:21 UTC 2024
--- Copying files at Sat Mar 16 10:10:00 UTC 2024
--- Copying files at Sun Mar 17 05:45:04 UTC 2024
--- Copying files at Sun Mar 17 05:55:13 UTC 2024
