2024/03/17 05:17:43 ...m.io/xorm/core/db.go:154:QueryContext() [I] [SQL] SELECT user_id, count(*) AS count FROM notification WHERE user_id IN (SELECT user_id FROM notification WHERE updated_unix >= ? AND updated_unix < ?) AND status = ? GROUP BY user_id [1710610688 1710652661 1] - 119.834µs
2024/03/17 05:17:53 ...m.io/xorm/core/db.go:154:QueryContext() [I] [SQL] SELECT user_id, count(*) AS count FROM notification WHERE user_id IN (SELECT user_id FROM notification WHERE updated_unix >= ? AND updated_unix < ?) AND status = ? GROUP BY user_id [1710652661 1710652671 1] - 89.38µs
2024/03/17 05:18:03 ...m.io/xorm/core/db.go:154:QueryContext() [I] [SQL] SELECT user_id, count(*) AS count FROM notification WHERE user_id IN (SELECT user_id FROM notification WHERE updated_unix >= ? AND updated_unix < ?) AND status = ? GROUP BY user_id [1710652671 1710652681 1] - 142.324µs
2024/03/17 05:18:13 ...m.io/xorm/core/db.go:154:QueryContext() [I] [SQL] SELECT user_id, count(*) AS count FROM notification WHERE user_id IN (SELECT user_id FROM notification WHERE updated_unix >= ? AND updated_unix < ?) AND status = ? GROUP BY user_id [1710652681 1710652691 1] - 99.321µs
2024/03/17 05:18:23 ...m.io/xorm/core/db.go:154:QueryContext() [I] [SQL] SELECT user_id, count(*) AS count FROM notification WHERE user_id IN (SELECT user_id FROM notification WHERE updated_unix >= ? AND updated_unix < ?) AND status = ? GROUP BY user_id [1710652691 1710652701 1] - 126.283µs
2024/03/17 05:18:33 ...m.io/xorm/core/db.go:154:QueryContext() [I] [SQL] SELECT user_id, count(*) AS count FROM notification WHERE user_id IN (SELECT user_id FROM notification WHERE updated_unix >= ? AND updated_unix < ?) AND status = ? GROUP BY user_id [1710652701 1710652711 1] - 316.935µs
2024/03/17 05:18:43 ...m.io/xorm/core/db.go:154:QueryContext() [I] [SQL] SELECT user_id, count(*) AS count FROM notification WHERE user_id IN (SELECT user_id FROM notification WHERE updated_unix >= ? AND updated_unix < ?) AND status = ? GROUP BY user_id [1710652711 1710652721 1] - 339.471µs
2024/03/17 05:18:53 ...m.io/xorm/core/db.go:154:QueryContext() [I] [SQL] SELECT user_id, count(*) AS count FROM notification WHERE user_id IN (SELECT user_id FROM notification WHERE updated_unix >= ? AND updated_unix < ?) AND status = ? GROUP BY user_id [1710652721 1710652731 1] - 316.019µs
2024/03/17 05:19:03 ...m.io/xorm/core/db.go:154:QueryContext() [I] [SQL] SELECT user_id, count(*) AS count FROM notification WHERE user_id IN (SELECT user_id FROM notification WHERE updated_unix >= ? AND updated_unix < ?) AND status = ? GROUP BY user_id [1710652731 1710652741 1] - 484.528µs
2024/03/17 05:19:13 ...m.io/xorm/core/db.go:154:QueryContext() [I] [SQL] SELECT user_id, count(*) AS count FROM notification WHERE user_id IN (SELECT user_id FROM notification WHERE updated_unix >= ? AND updated_unix < ?) AND status = ? GROUP BY user_id [1710652741 1710652751 1] - 431.919µs
2024/03/17 05:19:23 ...m.io/xorm/core/db.go:154:QueryContext() [I] [SQL] SELECT user_id, count(*) AS count FROM notification WHERE user_id IN (SELECT user_id FROM notification WHERE updated_unix >= ? AND updated_unix < ?) AND status = ? GROUP BY user_id [1710652751 1710652761 1] - 326.913µs
2024/03/17 05:19:33 ...m.io/xorm/core/db.go:154:QueryContext() [I] [SQL] SELECT user_id, count(*) AS count FROM notification WHERE user_id IN (SELECT user_id FROM notification WHERE updated_unix >= ? AND updated_unix < ?) AND status = ? GROUP BY user_id [1710652761 1710652771 1] - 266.858µs
2024/03/17 05:19:43 ...m.io/xorm/core/db.go:154:QueryContext() [I] [SQL] SELECT user_id, count(*) AS count FROM notification WHERE user_id IN (SELECT user_id FROM notification WHERE updated_unix >= ? AND updated_unix < ?) AND status = ? GROUP BY user_id [1710652771 1710652781 1] - 270.749µs
2024/03/17 05:19:53 ...m.io/xorm/core/db.go:154:QueryContext() [I] [SQL] SELECT user_id, count(*) AS count FROM notification WHERE user_id IN (SELECT user_id FROM notification WHERE updated_unix >= ? AND updated_unix < ?) AND status = ? GROUP BY user_id [1710652781 1710652791 1] - 269.752µs
2024/03/17 05:20:03 ...m.io/xorm/core/db.go:154:QueryContext() [I] [SQL] SELECT user_id, count(*) AS count FROM notification WHERE user_id IN (SELECT user_id FROM notification WHERE updated_unix >= ? AND updated_unix < ?) AND status = ? GROUP BY user_id [1710652791 1710652801 1] - 128.175µs
2024/03/17 05:20:13 ...m.io/xorm/core/db.go:154:QueryContext() [I] [SQL] SELECT user_id, count(*) AS count FROM notification WHERE user_id IN (SELECT user_id FROM notification WHERE updated_unix >= ? AND updated_unix < ?) AND status = ? GROUP BY user_id [1710652801 1710652811 1] - 252.232µs
2024/03/17 05:20:23 ...m.io/xorm/core/db.go:154:QueryContext() [I] [SQL] SELECT user_id, count(*) AS count FROM notification WHERE user_id IN (SELECT user_id FROM notification WHERE updated_unix >= ? AND updated_unix < ?) AND status = ? GROUP BY user_id [1710652811 1710652821 1] - 358.052µs
2024/03/17 05:20:33 ...m.io/xorm/core/db.go:154:QueryContext() [I] [SQL] SELECT user_id, count(*) AS count FROM notification WHERE user_id IN (SELECT user_id FROM notification WHERE updated_unix >= ? AND updated_unix < ?) AND status = ? GROUP BY user_id [1710652821 1710652831 1] - 401.948µs
2024/03/17 05:20:43 ...m.io/xorm/core/db.go:154:QueryContext() [I] [SQL] SELECT `id`, `repo_id`, `interval`, `enable_prune`, `updated_unix`, `next_update_unix` FROM `mirror` WHERE (next_update_unix<=?) AND (next_update_unix!=0) [1710652843] - 187.013µs
2024/03/17 05:20:43 ...m.io/xorm/core/db.go:277:ExecContext() [I] [SQL] INSERT INTO `notice` (`type`,`description`,`created_unix`) VALUES (?, ?, ?) [2 Cron: Update Mirrors has finished 1710652843] - 16.990962ms
2024/03/17 05:20:43 ...m.io/xorm/core/db.go:154:QueryContext() [I] [SQL] SELECT user_id, count(*) AS count FROM notification WHERE user_id IN (SELECT user_id FROM notification WHERE updated_unix >= ? AND updated_unix < ?) AND status = ? GROUP BY user_id [1710652831 1710652841 1] - 340.348µs
2024/03/17 05:20:53 ...m.io/xorm/core/db.go:154:QueryContext() [I] [SQL] SELECT user_id, count(*) AS count FROM notification WHERE user_id IN (SELECT user_id FROM notification WHERE updated_unix >= ? AND updated_unix < ?) AND status = ? GROUP BY user_id [1710652841 1710652851 1] - 121.841µs
2024/03/17 05:21:03 ...m.io/xorm/core/db.go:154:QueryContext() [I] [SQL] SELECT user_id, count(*) AS count FROM notification WHERE user_id IN (SELECT user_id FROM notification WHERE updated_unix >= ? AND updated_unix < ?) AND status = ? GROUP BY user_id [1710652851 1710652861 1] - 461.953µs
2024/03/17 05:21:13 ...m.io/xorm/core/db.go:154:QueryContext() [I] [SQL] SELECT user_id, count(*) AS count FROM notification WHERE user_id IN (SELECT user_id FROM notification WHERE updated_unix >= ? AND updated_unix < ?) AND status = ? GROUP BY user_id [1710652861 1710652871 1] - 113.974µs
2024/03/17 05:21:23 ...m.io/xorm/core/db.go:154:QueryContext() [I] [SQL] SELECT user_id, count(*) AS count FROM notification WHERE user_id IN (SELECT user_id FROM notification WHERE updated_unix >= ? AND updated_unix < ?) AND status = ? GROUP BY user_id [1710652871 1710652881 1] - 403.31µs
2024/03/17 05:21:33 ...m.io/xorm/core/db.go:154:QueryContext() [I] [SQL] SELECT user_id, count(*) AS count FROM notification WHERE user_id IN (SELECT user_id FROM notification WHERE updated_unix >= ? AND updated_unix < ?) AND status = ? GROUP BY user_id [1710652881 1710652891 1] - 404.376µs
2024/03/17 05:21:43 ...m.io/xorm/core/db.go:154:QueryContext() [I] [SQL] SELECT user_id, count(*) AS count FROM notification WHERE user_id IN (SELECT user_id FROM notification WHERE updated_unix >= ? AND updated_unix < ?) AND status = ? GROUP BY user_id [1710652891 1710652901 1] - 287.475µs
2024/03/17 05:21:53 ...m.io/xorm/core/db.go:154:QueryContext() [I] [SQL] SELECT user_id, count(*) AS count FROM notification WHERE user_id IN (SELECT user_id FROM notification WHERE updated_unix >= ? AND updated_unix < ?) AND status = ? GROUP BY user_id [1710652901 1710652911 1] - 406.329µs
2024/03/17 05:22:03 ...m.io/xorm/core/db.go:154:QueryContext() [I] [SQL] SELECT user_id, count(*) AS count FROM notification WHERE user_id IN (SELECT user_id FROM notification WHERE updated_unix >= ? AND updated_unix < ?) AND status = ? GROUP BY user_id [1710652911 1710652921 1] - 339.375µs
2024/03/17 05:22:13 ...m.io/xorm/core/db.go:154:QueryContext() [I] [SQL] SELECT user_id, count(*) AS count FROM notification WHERE user_id IN (SELECT user_id FROM notification WHERE updated_unix >= ? AND updated_unix < ?) AND status = ? GROUP BY user_id [1710652921 1710652931 1] - 336.979µs
2024/03/17 05:22:23 ...m.io/xorm/core/db.go:154:QueryContext() [I] [SQL] SELECT user_id, count(*) AS count FROM notification WHERE user_id IN (SELECT user_id FROM notification WHERE updated_unix >= ? AND updated_unix < ?) AND status = ? GROUP BY user_id [1710652931 1710652941 1] - 292.579µs
2024/03/17 05:22:33 ...m.io/xorm/core/db.go:154:QueryContext() [I] [SQL] SELECT user_id, count(*) AS count FROM notification WHERE user_id IN (SELECT user_id FROM notification WHERE updated_unix >= ? AND updated_unix < ?) AND status = ? GROUP BY user_id [1710652941 1710652951 1] - 213.365µs
2024/03/17 05:22:43 ...m.io/xorm/core/db.go:154:QueryContext() [I] [SQL] SELECT user_id, count(*) AS count FROM notification WHERE user_id IN (SELECT user_id FROM notification WHERE updated_unix >= ? AND updated_unix < ?) AND status = ? GROUP BY user_id [1710652951 1710652961 1] - 324.486µs
2024/03/17 05:22:53 ...m.io/xorm/core/db.go:154:QueryContext() [I] [SQL] SELECT user_id, count(*) AS count FROM notification WHERE user_id IN (SELECT user_id FROM notification WHERE updated_unix >= ? AND updated_unix < ?) AND status = ? GROUP BY user_id [1710652961 1710652971 1] - 356.751µs
2024/03/17 05:23:03 ...m.io/xorm/core/db.go:154:QueryContext() [I] [SQL] SELECT user_id, count(*) AS count FROM notification WHERE user_id IN (SELECT user_id FROM notification WHERE updated_unix >= ? AND updated_unix < ?) AND status = ? GROUP BY user_id [1710652971 1710652981 1] - 113.555µs
2024/03/17 05:23:13 ...m.io/xorm/core/db.go:154:QueryContext() [I] [SQL] SELECT user_id, count(*) AS count FROM notification WHERE user_id IN (SELECT user_id FROM notification WHERE updated_unix >= ? AND updated_unix < ?) AND status = ? GROUP BY user_id [1710652981 1710652991 1] - 282.056µs
2024/03/17 05:23:23 ...m.io/xorm/core/db.go:154:QueryContext() [I] [SQL] SELECT user_id, count(*) AS count FROM notification WHERE user_id IN (SELECT user_id FROM notification WHERE updated_unix >= ? AND updated_unix < ?) AND status = ? GROUP BY user_id [1710652991 1710653001 1] - 318.921µs
2024/03/17 05:23:33 ...m.io/xorm/core/db.go:154:QueryContext() [I] [SQL] SELECT user_id, count(*) AS count FROM notification WHERE user_id IN (SELECT user_id FROM notification WHERE updated_unix >= ? AND updated_unix < ?) AND status = ? GROUP BY user_id [1710653001 1710653011 1] - 321.713µs
2024/03/17 05:23:43 ...m.io/xorm/core/db.go:154:QueryContext() [I] [SQL] SELECT user_id, count(*) AS count FROM notification WHERE user_id IN (SELECT user_id FROM notification WHERE updated_unix >= ? AND updated_unix < ?) AND status = ? GROUP BY user_id [1710653011 1710653021 1] - 396.293µs
2024/03/17 05:23:53 ...m.io/xorm/core/db.go:154:QueryContext() [I] [SQL] SELECT user_id, count(*) AS count FROM notification WHERE user_id IN (SELECT user_id FROM notification WHERE updated_unix >= ? AND updated_unix < ?) AND status = ? GROUP BY user_id [1710653021 1710653031 1] - 8.880161ms
2024/03/17 05:24:03 ...m.io/xorm/core/db.go:154:QueryContext() [I] [SQL] SELECT user_id, count(*) AS count FROM notification WHERE user_id IN (SELECT user_id FROM notification WHERE updated_unix >= ? AND updated_unix < ?) AND status = ? GROUP BY user_id [1710653031 1710653041 1] - 337.647µs
2024/03/17 05:24:13 ...m.io/xorm/core/db.go:154:QueryContext() [I] [SQL] SELECT user_id, count(*) AS count FROM notification WHERE user_id IN (SELECT user_id FROM notification WHERE updated_unix >= ? AND updated_unix < ?) AND status = ? GROUP BY user_id [1710653041 1710653051 1] - 311.882µs
2024/03/17 05:24:23 ...m.io/xorm/core/db.go:154:QueryContext() [I] [SQL] SELECT user_id, count(*) AS count FROM notification WHERE user_id IN (SELECT user_id FROM notification WHERE updated_unix >= ? AND updated_unix < ?) AND status = ? GROUP BY user_id [1710653051 1710653061 1] - 329.702µs
2024/03/17 05:24:33 ...m.io/xorm/core/db.go:154:QueryContext() [I] [SQL] SELECT user_id, count(*) AS count FROM notification WHERE user_id IN (SELECT user_id FROM notification WHERE updated_unix >= ? AND updated_unix < ?) AND status = ? GROUP BY user_id [1710653061 1710653071 1] - 335.525µs
2024/03/17 05:24:43 ...m.io/xorm/core/db.go:154:QueryContext() [I] [SQL] SELECT user_id, count(*) AS count FROM notification WHERE user_id IN (SELECT user_id FROM notification WHERE updated_unix >= ? AND updated_unix < ?) AND status = ? GROUP BY user_id [1710653071 1710653081 1] - 136.983µs
2024/03/17 05:24:53 ...m.io/xorm/core/db.go:154:QueryContext() [I] [SQL] SELECT user_id, count(*) AS count FROM notification WHERE user_id IN (SELECT user_id FROM notification WHERE updated_unix >= ? AND updated_unix < ?) AND status = ? GROUP BY user_id [1710653081 1710653091 1] - 286.618µs
2024/03/17 05:25:03 ...m.io/xorm/core/db.go:154:QueryContext() [I] [SQL] SELECT user_id, count(*) AS count FROM notification WHERE user_id IN (SELECT user_id FROM notification WHERE updated_unix >= ? AND updated_unix < ?) AND status = ? GROUP BY user_id [1710653091 1710653101 1] - 1.872076ms
2024/03/17 05:25:13 ...m.io/xorm/core/db.go:154:QueryContext() [I] [SQL] SELECT user_id, count(*) AS count FROM notification WHERE user_id IN (SELECT user_id FROM notification WHERE updated_unix >= ? AND updated_unix < ?) AND status = ? GROUP BY user_id [1710653101 1710653111 1] - 186.244µs
2024/03/17 05:25:23 ...m.io/xorm/core/db.go:154:QueryContext() [I] [SQL] SELECT user_id, count(*) AS count FROM notification WHERE user_id IN (SELECT user_id FROM notification WHERE updated_unix >= ? AND updated_unix < ?) AND status = ? GROUP BY user_id [1710653111 1710653121 1] - 304.396µs
2024/03/17 05:25:33 ...m.io/xorm/core/db.go:154:QueryContext() [I] [SQL] SELECT user_id, count(*) AS count FROM notification WHERE user_id IN (SELECT user_id FROM notification WHERE updated_unix >= ? AND updated_unix < ?) AND status = ? GROUP BY user_id [1710653121 1710653131 1] - 507.383µs
2024/03/17 05:25:43 ...m.io/xorm/core/db.go:154:QueryContext() [I] [SQL] SELECT user_id, count(*) AS count FROM notification WHERE user_id IN (SELECT user_id FROM notification WHERE updated_unix >= ? AND updated_unix < ?) AND status = ? GROUP BY user_id [1710653131 1710653141 1] - 361.777µs
2024/03/17 05:25:53 ...m.io/xorm/core/db.go:154:QueryContext() [I] [SQL] SELECT user_id, count(*) AS count FROM notification WHERE user_id IN (SELECT user_id FROM notification WHERE updated_unix >= ? AND updated_unix < ?) AND status = ? GROUP BY user_id [1710653141 1710653151 1] - 255.34µs
2024/03/17 05:26:03 ...m.io/xorm/core/db.go:154:QueryContext() [I] [SQL] SELECT user_id, count(*) AS count FROM notification WHERE user_id IN (SELECT user_id FROM notification WHERE updated_unix >= ? AND updated_unix < ?) AND status = ? GROUP BY user_id [1710653151 1710653161 1] - 417.326µs
2024/03/17 05:26:13 ...m.io/xorm/core/db.go:154:QueryContext() [I] [SQL] SELECT user_id, count(*) AS count FROM notification WHERE user_id IN (SELECT user_id FROM notification WHERE updated_unix >= ? AND updated_unix < ?) AND status = ? GROUP BY user_id [1710653161 1710653171 1] - 335.603µs
2024/03/17 05:26:23 ...m.io/xorm/core/db.go:154:QueryContext() [I] [SQL] SELECT user_id, count(*) AS count FROM notification WHERE user_id IN (SELECT user_id FROM notification WHERE updated_unix >= ? AND updated_unix < ?) AND status = ? GROUP BY user_id [1710653171 1710653181 1] - 245.426µs
2024/03/17 05:26:33 ...m.io/xorm/core/db.go:154:QueryContext() [I] [SQL] SELECT user_id, count(*) AS count FROM notification WHERE user_id IN (SELECT user_id FROM notification WHERE updated_unix >= ? AND updated_unix < ?) AND status = ? GROUP BY user_id [1710653181 1710653191 1] - 349.077µs
2024/03/17 05:26:43 ...m.io/xorm/core/db.go:154:QueryContext() [I] [SQL] SELECT user_id, count(*) AS count FROM notification WHERE user_id IN (SELECT user_id FROM notification WHERE updated_unix >= ? AND updated_unix < ?) AND status = ? GROUP BY user_id [1710653191 1710653201 1] - 324.322µs
2024/03/17 05:26:53 ...m.io/xorm/core/db.go:154:QueryContext() [I] [SQL] SELECT user_id, count(*) AS count FROM notification WHERE user_id IN (SELECT user_id FROM notification WHERE updated_unix >= ? AND updated_unix < ?) AND status = ? GROUP BY user_id [1710653201 1710653211 1] - 266.457µs
2024/03/17 05:27:03 ...m.io/xorm/core/db.go:154:QueryContext() [I] [SQL] SELECT user_id, count(*) AS count FROM notification WHERE user_id IN (SELECT user_id FROM notification WHERE updated_unix >= ? AND updated_unix < ?) AND status = ? GROUP BY user_id [1710653211 1710653221 1] - 310.022µs
2024/03/17 05:27:13 ...m.io/xorm/core/db.go:154:QueryContext() [I] [SQL] SELECT user_id, count(*) AS count FROM notification WHERE user_id IN (SELECT user_id FROM notification WHERE updated_unix >= ? AND updated_unix < ?) AND status = ? GROUP BY user_id [1710653221 1710653231 1] - 436.589µs
2024/03/17 05:27:23 ...m.io/xorm/core/db.go:154:QueryContext() [I] [SQL] SELECT user_id, count(*) AS count FROM notification WHERE user_id IN (SELECT user_id FROM notification WHERE updated_unix >= ? AND updated_unix < ?) AND status = ? GROUP BY user_id [1710653231 1710653241 1] - 262.354µs
2024/03/17 05:27:33 ...m.io/xorm/core/db.go:154:QueryContext() [I] [SQL] SELECT user_id, count(*) AS count FROM notification WHERE user_id IN (SELECT user_id FROM notification WHERE updated_unix >= ? AND updated_unix < ?) AND status = ? GROUP BY user_id [1710653241 1710653251 1] - 378.532µs
2024/03/17 05:27:43 ...m.io/xorm/core/db.go:154:QueryContext() [I] [SQL] SELECT user_id, count(*) AS count FROM notification WHERE user_id IN (SELECT user_id FROM notification WHERE updated_unix >= ? AND updated_unix < ?) AND status = ? GROUP BY user_id [1710653251 1710653261 1] - 449.058µs
2024/03/17 05:27:53 ...m.io/xorm/core/db.go:154:QueryContext() [I] [SQL] SELECT user_id, count(*) AS count FROM notification WHERE user_id IN (SELECT user_id FROM notification WHERE updated_unix >= ? AND updated_unix < ?) AND status = ? GROUP BY user_id [1710653261 1710653271 1] - 400.283µs
2024/03/17 05:28:03 ...m.io/xorm/core/db.go:154:QueryContext() [I] [SQL] SELECT user_id, count(*) AS count FROM notification WHERE user_id IN (SELECT user_id FROM notification WHERE updated_unix >= ? AND updated_unix < ?) AND status = ? GROUP BY user_id [1710653271 1710653281 1] - 267.147µs
2024/03/17 05:28:13 ...m.io/xorm/core/db.go:154:QueryContext() [I] [SQL] SELECT user_id, count(*) AS count FROM notification WHERE user_id IN (SELECT user_id FROM notification WHERE updated_unix >= ? AND updated_unix < ?) AND status = ? GROUP BY user_id [1710653281 1710653291 1] - 111.875µs
2024/03/17 05:28:23 ...m.io/xorm/core/db.go:154:QueryContext() [I] [SQL] SELECT user_id, count(*) AS count FROM notification WHERE user_id IN (SELECT user_id FROM notification WHERE updated_unix >= ? AND updated_unix < ?) AND status = ? GROUP BY user_id [1710653291 1710653301 1] - 108.678µs
2024/03/17 05:28:33 ...m.io/xorm/core/db.go:154:QueryContext() [I] [SQL] SELECT user_id, count(*) AS count FROM notification WHERE user_id IN (SELECT user_id FROM notification WHERE updated_unix >= ? AND updated_unix < ?) AND status = ? GROUP BY user_id [1710653301 1710653311 1] - 398.494µs
2024/03/17 05:28:43 ...m.io/xorm/core/db.go:154:QueryContext() [I] [SQL] SELECT user_id, count(*) AS count FROM notification WHERE user_id IN (SELECT user_id FROM notification WHERE updated_unix >= ? AND updated_unix < ?) AND status = ? GROUP BY user_id [1710653311 1710653321 1] - 277.924µs
2024/03/17 05:28:53 ...m.io/xorm/core/db.go:154:QueryContext() [I] [SQL] SELECT user_id, count(*) AS count FROM notification WHERE user_id IN (SELECT user_id FROM notification WHERE updated_unix >= ? AND updated_unix < ?) AND status = ? GROUP BY user_id [1710653321 1710653331 1] - 94.497µs
2024/03/17 05:29:03 ...m.io/xorm/core/db.go:154:QueryContext() [I] [SQL] SELECT user_id, count(*) AS count FROM notification WHERE user_id IN (SELECT user_id FROM notification WHERE updated_unix >= ? AND updated_unix < ?) AND status = ? GROUP BY user_id [1710653331 1710653341 1] - 257.567µs
2024/03/17 05:29:13 ...m.io/xorm/core/db.go:154:QueryContext() [I] [SQL] SELECT user_id, count(*) AS count FROM notification WHERE user_id IN (SELECT user_id FROM notification WHERE updated_unix >= ? AND updated_unix < ?) AND status = ? GROUP BY user_id [1710653341 1710653351 1] - 472.823µs
2024/03/17 05:29:23 ...m.io/xorm/core/db.go:154:QueryContext() [I] [SQL] SELECT user_id, count(*) AS count FROM notification WHERE user_id IN (SELECT user_id FROM notification WHERE updated_unix >= ? AND updated_unix < ?) AND status = ? GROUP BY user_id [1710653351 1710653361 1] - 317.874µs
2024/03/17 05:29:33 ...m.io/xorm/core/db.go:154:QueryContext() [I] [SQL] SELECT user_id, count(*) AS count FROM notification WHERE user_id IN (SELECT user_id FROM notification WHERE updated_unix >= ? AND updated_unix < ?) AND status = ? GROUP BY user_id [1710653361 1710653371 1] - 325.355µs
2024/03/17 05:29:43 ...m.io/xorm/core/db.go:154:QueryContext() [I] [SQL] SELECT user_id, count(*) AS count FROM notification WHERE user_id IN (SELECT user_id FROM notification WHERE updated_unix >= ? AND updated_unix < ?) AND status = ? GROUP BY user_id [1710653371 1710653381 1] - 394.844µs
2024/03/17 05:29:53 ...m.io/xorm/core/db.go:154:QueryContext() [I] [SQL] SELECT user_id, count(*) AS count FROM notification WHERE user_id IN (SELECT user_id FROM notification WHERE updated_unix >= ? AND updated_unix < ?) AND status = ? GROUP BY user_id [1710653381 1710653391 1] - 343.54µs
2024/03/17 05:30:03 ...m.io/xorm/core/db.go:154:QueryContext() [I] [SQL] SELECT user_id, count(*) AS count FROM notification WHERE user_id IN (SELECT user_id FROM notification WHERE updated_unix >= ? AND updated_unix < ?) AND status = ? GROUP BY user_id [1710653391 1710653401 1] - 255.724µs
2024/03/17 05:30:13 ...m.io/xorm/core/db.go:154:QueryContext() [I] [SQL] SELECT user_id, count(*) AS count FROM notification WHERE user_id IN (SELECT user_id FROM notification WHERE updated_unix >= ? AND updated_unix < ?) AND status = ? GROUP BY user_id [1710653401 1710653411 1] - 322.588µs
2024/03/17 05:30:23 ...m.io/xorm/core/db.go:154:QueryContext() [I] [SQL] SELECT user_id, count(*) AS count FROM notification WHERE user_id IN (SELECT user_id FROM notification WHERE updated_unix >= ? AND updated_unix < ?) AND status = ? GROUP BY user_id [1710653411 1710653421 1] - 388.731µs
2024/03/17 05:30:33 ...m.io/xorm/core/db.go:154:QueryContext() [I] [SQL] SELECT user_id, count(*) AS count FROM notification WHERE user_id IN (SELECT user_id FROM notification WHERE updated_unix >= ? AND updated_unix < ?) AND status = ? GROUP BY user_id [1710653421 1710653431 1] - 450.431µs
2024/03/17 05:30:43 ...m.io/xorm/core/db.go:154:QueryContext() [I] [SQL] SELECT `id`, `repo_id`, `interval`, `enable_prune`, `updated_unix`, `next_update_unix` FROM `mirror` WHERE (next_update_unix<=?) AND (next_update_unix!=0) [1710653443] - 197.907µs
2024/03/17 05:30:43 ...m.io/xorm/core/db.go:277:ExecContext() [I] [SQL] INSERT INTO `notice` (`type`,`description`,`created_unix`) VALUES (?, ?, ?) [2 Cron: Update Mirrors has finished 1710653443] - 12.256465ms
2024/03/17 05:30:43 ...m.io/xorm/core/db.go:154:QueryContext() [I] [SQL] SELECT user_id, count(*) AS count FROM notification WHERE user_id IN (SELECT user_id FROM notification WHERE updated_unix >= ? AND updated_unix < ?) AND status = ? GROUP BY user_id [1710653431 1710653441 1] - 289.78µs
2024/03/17 05:30:53 ...m.io/xorm/core/db.go:154:QueryContext() [I] [SQL] SELECT user_id, count(*) AS count FROM notification WHERE user_id IN (SELECT user_id FROM notification WHERE updated_unix >= ? AND updated_unix < ?) AND status = ? GROUP BY user_id [1710653441 1710653451 1] - 284.305µs
2024/03/17 05:31:03 ...m.io/xorm/core/db.go:154:QueryContext() [I] [SQL] SELECT user_id, count(*) AS count FROM notification WHERE user_id IN (SELECT user_id FROM notification WHERE updated_unix >= ? AND updated_unix < ?) AND status = ? GROUP BY user_id [1710653451 1710653461 1] - 285.768µs
2024/03/17 05:31:13 ...m.io/xorm/core/db.go:154:QueryContext() [I] [SQL] SELECT user_id, count(*) AS count FROM notification WHERE user_id IN (SELECT user_id FROM notification WHERE updated_unix >= ? AND updated_unix < ?) AND status = ? GROUP BY user_id [1710653461 1710653471 1] - 348.425µs
2024/03/17 05:31:23 ...m.io/xorm/core/db.go:154:QueryContext() [I] [SQL] SELECT user_id, count(*) AS count FROM notification WHERE user_id IN (SELECT user_id FROM notification WHERE updated_unix >= ? AND updated_unix < ?) AND status = ? GROUP BY user_id [1710653471 1710653481 1] - 386.12µs
2024/03/17 05:31:33 ...m.io/xorm/core/db.go:154:QueryContext() [I] [SQL] SELECT user_id, count(*) AS count FROM notification WHERE user_id IN (SELECT user_id FROM notification WHERE updated_unix >= ? AND updated_unix < ?) AND status = ? GROUP BY user_id [1710653481 1710653491 1] - 320.54µs
2024/03/17 05:31:43 ...m.io/xorm/core/db.go:154:QueryContext() [I] [SQL] SELECT user_id, count(*) AS count FROM notification WHERE user_id IN (SELECT user_id FROM notification WHERE updated_unix >= ? AND updated_unix < ?) AND status = ? GROUP BY user_id [1710653491 1710653501 1] - 316.268µs
2024/03/17 05:31:53 ...m.io/xorm/core/db.go:154:QueryContext() [I] [SQL] SELECT user_id, count(*) AS count FROM notification WHERE user_id IN (SELECT user_id FROM notification WHERE updated_unix >= ? AND updated_unix < ?) AND status = ? GROUP BY user_id [1710653501 1710653511 1] - 465.948µs
2024/03/17 05:32:03 ...m.io/xorm/core/db.go:154:QueryContext() [I] [SQL] SELECT user_id, count(*) AS count FROM notification WHERE user_id IN (SELECT user_id FROM notification WHERE updated_unix >= ? AND updated_unix < ?) AND status = ? GROUP BY user_id [1710653511 1710653521 1] - 398.757µs
2024/03/17 05:32:13 ...m.io/xorm/core/db.go:154:QueryContext() [I] [SQL] SELECT user_id, count(*) AS count FROM notification WHERE user_id IN (SELECT user_id FROM notification WHERE updated_unix >= ? AND updated_unix < ?) AND status = ? GROUP BY user_id [1710653521 1710653531 1] - 363.448µs
2024/03/17 05:32:23 ...m.io/xorm/core/db.go:154:QueryContext() [I] [SQL] SELECT user_id, count(*) AS count FROM notification WHERE user_id IN (SELECT user_id FROM notification WHERE updated_unix >= ? AND updated_unix < ?) AND status = ? GROUP BY user_id [1710653531 1710653541 1] - 351.89µs
2024/03/17 05:32:33 ...m.io/xorm/core/db.go:154:QueryContext() [I] [SQL] SELECT user_id, count(*) AS count FROM notification WHERE user_id IN (SELECT user_id FROM notification WHERE updated_unix >= ? AND updated_unix < ?) AND status = ? GROUP BY user_id [1710653541 1710653551 1] - 509.67µs
2024/03/17 05:32:43 ...m.io/xorm/core/db.go:154:QueryContext() [I] [SQL] SELECT user_id, count(*) AS count FROM notification WHERE user_id IN (SELECT user_id FROM notification WHERE updated_unix >= ? AND updated_unix < ?) AND status = ? GROUP BY user_id [1710653551 1710653561 1] - 114.994µs
2024/03/17 05:32:53 ...m.io/xorm/core/db.go:154:QueryContext() [I] [SQL] SELECT user_id, count(*) AS count FROM notification WHERE user_id IN (SELECT user_id FROM notification WHERE updated_unix >= ? AND updated_unix < ?) AND status = ? GROUP BY user_id [1710653561 1710653571 1] - 312.074µs
2024/03/17 05:33:03 ...m.io/xorm/core/db.go:154:QueryContext() [I] [SQL] SELECT user_id, count(*) AS count FROM notification WHERE user_id IN (SELECT user_id FROM notification WHERE updated_unix >= ? AND updated_unix < ?) AND status = ? GROUP BY user_id [1710653571 1710653581 1] - 364.054µs
2024/03/17 05:33:13 ...m.io/xorm/core/db.go:154:QueryContext() [I] [SQL] SELECT user_id, count(*) AS count FROM notification WHERE user_id IN (SELECT user_id FROM notification WHERE updated_unix >= ? AND updated_unix < ?) AND status = ? GROUP BY user_id [1710653581 1710653591 1] - 460.11µs
2024/03/17 05:33:23 ...m.io/xorm/core/db.go:154:QueryContext() [I] [SQL] SELECT user_id, count(*) AS count FROM notification WHERE user_id IN (SELECT user_id FROM notification WHERE updated_unix >= ? AND updated_unix < ?) AND status = ? GROUP BY user_id [1710653591 1710653601 1] - 274.201µs
2024/03/17 05:33:33 ...m.io/xorm/core/db.go:154:QueryContext() [I] [SQL] SELECT user_id, count(*) AS count FROM notification WHERE user_id IN (SELECT user_id FROM notification WHERE updated_unix >= ? AND updated_unix < ?) AND status = ? GROUP BY user_id [1710653601 1710653611 1] - 366.129µs
2024/03/17 05:33:43 ...m.io/xorm/core/db.go:154:QueryContext() [I] [SQL] SELECT user_id, count(*) AS count FROM notification WHERE user_id IN (SELECT user_id FROM notification WHERE updated_unix >= ? AND updated_unix < ?) AND status = ? GROUP BY user_id [1710653611 1710653621 1] - 321.477µs
2024/03/17 05:33:53 ...m.io/xorm/core/db.go:154:QueryContext() [I] [SQL] SELECT user_id, count(*) AS count FROM notification WHERE user_id IN (SELECT user_id FROM notification WHERE updated_unix >= ? AND updated_unix < ?) AND status = ? GROUP BY user_id [1710653621 1710653631 1] - 373.603µs
2024/03/17 05:34:03 ...m.io/xorm/core/db.go:154:QueryContext() [I] [SQL] SELECT user_id, count(*) AS count FROM notification WHERE user_id IN (SELECT user_id FROM notification WHERE updated_unix >= ? AND updated_unix < ?) AND status = ? GROUP BY user_id [1710653631 1710653641 1] - 187.024µs
2024/03/17 05:34:13 ...m.io/xorm/core/db.go:154:QueryContext() [I] [SQL] SELECT user_id, count(*) AS count FROM notification WHERE user_id IN (SELECT user_id FROM notification WHERE updated_unix >= ? AND updated_unix < ?) AND status = ? GROUP BY user_id [1710653641 1710653651 1] - 436.512µs
2024/03/17 05:34:23 ...m.io/xorm/core/db.go:154:QueryContext() [I] [SQL] SELECT user_id, count(*) AS count FROM notification WHERE user_id IN (SELECT user_id FROM notification WHERE updated_unix >= ? AND updated_unix < ?) AND status = ? GROUP BY user_id [1710653651 1710653661 1] - 354.57µs
2024/03/17 05:34:33 ...m.io/xorm/core/db.go:154:QueryContext() [I] [SQL] SELECT user_id, count(*) AS count FROM notification WHERE user_id IN (SELECT user_id FROM notification WHERE updated_unix >= ? AND updated_unix < ?) AND status = ? GROUP BY user_id [1710653661 1710653671 1] - 122.913µs
2024/03/17 05:34:43 ...m.io/xorm/core/db.go:154:QueryContext() [I] [SQL] SELECT user_id, count(*) AS count FROM notification WHERE user_id IN (SELECT user_id FROM notification WHERE updated_unix >= ? AND updated_unix < ?) AND status = ? GROUP BY user_id [1710653671 1710653681 1] - 330.948µs
2024/03/17 05:34:53 ...m.io/xorm/core/db.go:154:QueryContext() [I] [SQL] SELECT user_id, count(*) AS count FROM notification WHERE user_id IN (SELECT user_id FROM notification WHERE updated_unix >= ? AND updated_unix < ?) AND status = ? GROUP BY user_id [1710653681 1710653691 1] - 174.805µs
2024/03/17 05:35:03 ...m.io/xorm/core/db.go:154:QueryContext() [I] [SQL] SELECT user_id, count(*) AS count FROM notification WHERE user_id IN (SELECT user_id FROM notification WHERE updated_unix >= ? AND updated_unix < ?) AND status = ? GROUP BY user_id [1710653691 1710653701 1] - 443.884µs
2024/03/17 05:35:13 ...m.io/xorm/core/db.go:154:QueryContext() [I] [SQL] SELECT user_id, count(*) AS count FROM notification WHERE user_id IN (SELECT user_id FROM notification WHERE updated_unix >= ? AND updated_unix < ?) AND status = ? GROUP BY user_id [1710653701 1710653711 1] - 465.792µs
2024/03/17 05:35:23 ...m.io/xorm/core/db.go:154:QueryContext() [I] [SQL] SELECT user_id, count(*) AS count FROM notification WHERE user_id IN (SELECT user_id FROM notification WHERE updated_unix >= ? AND updated_unix < ?) AND status = ? GROUP BY user_id [1710653711 1710653721 1] - 280.841µs
2024/03/17 05:35:33 ...m.io/xorm/core/db.go:154:QueryContext() [I] [SQL] SELECT user_id, count(*) AS count FROM notification WHERE user_id IN (SELECT user_id FROM notification WHERE updated_unix >= ? AND updated_unix < ?) AND status = ? GROUP BY user_id [1710653721 1710653731 1] - 338.106µs
2024/03/17 05:35:43 ...m.io/xorm/core/db.go:154:QueryContext() [I] [SQL] SELECT user_id, count(*) AS count FROM notification WHERE user_id IN (SELECT user_id FROM notification WHERE updated_unix >= ? AND updated_unix < ?) AND status = ? GROUP BY user_id [1710653731 1710653741 1] - 394.207µs
2024/03/17 05:35:53 ...m.io/xorm/core/db.go:154:QueryContext() [I] [SQL] SELECT user_id, count(*) AS count FROM notification WHERE user_id IN (SELECT user_id FROM notification WHERE updated_unix >= ? AND updated_unix < ?) AND status = ? GROUP BY user_id [1710653741 1710653751 1] - 311.507µs
2024/03/17 05:36:03 ...m.io/xorm/core/db.go:154:QueryContext() [I] [SQL] SELECT user_id, count(*) AS count FROM notification WHERE user_id IN (SELECT user_id FROM notification WHERE updated_unix >= ? AND updated_unix < ?) AND status = ? GROUP BY user_id [1710653751 1710653761 1] - 289.186µs
2024/03/17 05:36:13 ...m.io/xorm/core/db.go:154:QueryContext() [I] [SQL] SELECT user_id, count(*) AS count FROM notification WHERE user_id IN (SELECT user_id FROM notification WHERE updated_unix >= ? AND updated_unix < ?) AND status = ? GROUP BY user_id [1710653761 1710653771 1] - 358.006µs
2024/03/17 05:36:23 ...m.io/xorm/core/db.go:154:QueryContext() [I] [SQL] SELECT user_id, count(*) AS count FROM notification WHERE user_id IN (SELECT user_id FROM notification WHERE updated_unix >= ? AND updated_unix < ?) AND status = ? GROUP BY user_id [1710653771 1710653781 1] - 299.478µs
2024/03/17 05:36:33 ...m.io/xorm/core/db.go:154:QueryContext() [I] [SQL] SELECT user_id, count(*) AS count FROM notification WHERE user_id IN (SELECT user_id FROM notification WHERE updated_unix >= ? AND updated_unix < ?) AND status = ? GROUP BY user_id [1710653781 1710653791 1] - 117.564µs
2024/03/17 05:36:43 ...m.io/xorm/core/db.go:154:QueryContext() [I] [SQL] SELECT user_id, count(*) AS count FROM notification WHERE user_id IN (SELECT user_id FROM notification WHERE updated_unix >= ? AND updated_unix < ?) AND status = ? GROUP BY user_id [1710653791 1710653801 1] - 137.636µs
2024/03/17 05:36:53 ...m.io/xorm/core/db.go:154:QueryContext() [I] [SQL] SELECT user_id, count(*) AS count FROM notification WHERE user_id IN (SELECT user_id FROM notification WHERE updated_unix >= ? AND updated_unix < ?) AND status = ? GROUP BY user_id [1710653801 1710653811 1] - 273.826µs
2024/03/17 05:37:03 ...m.io/xorm/core/db.go:154:QueryContext() [I] [SQL] SELECT user_id, count(*) AS count FROM notification WHERE user_id IN (SELECT user_id FROM notification WHERE updated_unix >= ? AND updated_unix < ?) AND status = ? GROUP BY user_id [1710653811 1710653821 1] - 225.229µs
2024/03/17 05:37:13 ...m.io/xorm/core/db.go:154:QueryContext() [I] [SQL] SELECT user_id, count(*) AS count FROM notification WHERE user_id IN (SELECT user_id FROM notification WHERE updated_unix >= ? AND updated_unix < ?) AND status = ? GROUP BY user_id [1710653821 1710653831 1] - 185.032µs
2024/03/17 05:37:23 ...m.io/xorm/core/db.go:154:QueryContext() [I] [SQL] SELECT user_id, count(*) AS count FROM notification WHERE user_id IN (SELECT user_id FROM notification WHERE updated_unix >= ? AND updated_unix < ?) AND status = ? GROUP BY user_id [1710653831 1710653841 1] - 383.143µs
2024/03/17 05:37:33 ...m.io/xorm/core/db.go:154:QueryContext() [I] [SQL] SELECT user_id, count(*) AS count FROM notification WHERE user_id IN (SELECT user_id FROM notification WHERE updated_unix >= ? AND updated_unix < ?) AND status = ? GROUP BY user_id [1710653841 1710653851 1] - 343.489µs
2024/03/17 05:37:43 ...m.io/xorm/core/db.go:154:QueryContext() [I] [SQL] SELECT user_id, count(*) AS count FROM notification WHERE user_id IN (SELECT user_id FROM notification WHERE updated_unix >= ? AND updated_unix < ?) AND status = ? GROUP BY user_id [1710653851 1710653861 1] - 317.621µs
2024/03/17 05:37:53 ...m.io/xorm/core/db.go:154:QueryContext() [I] [SQL] SELECT user_id, count(*) AS count FROM notification WHERE user_id IN (SELECT user_id FROM notification WHERE updated_unix >= ? AND updated_unix < ?) AND status = ? GROUP BY user_id [1710653861 1710653871 1] - 367.393µs
2024/03/17 05:38:03 ...m.io/xorm/core/db.go:154:QueryContext() [I] [SQL] SELECT user_id, count(*) AS count FROM notification WHERE user_id IN (SELECT user_id FROM notification WHERE updated_unix >= ? AND updated_unix < ?) AND status = ? GROUP BY user_id [1710653871 1710653881 1] - 326.24µs
2024/03/17 05:38:13 ...m.io/xorm/core/db.go:154:QueryContext() [I] [SQL] SELECT user_id, count(*) AS count FROM notification WHERE user_id IN (SELECT user_id FROM notification WHERE updated_unix >= ? AND updated_unix < ?) AND status = ? GROUP BY user_id [1710653881 1710653891 1] - 319.77µs
2024/03/17 05:38:23 ...m.io/xorm/core/db.go:154:QueryContext() [I] [SQL] SELECT user_id, count(*) AS count FROM notification WHERE user_id IN (SELECT user_id FROM notification WHERE updated_unix >= ? AND updated_unix < ?) AND status = ? GROUP BY user_id [1710653891 1710653901 1] - 345.357µs
2024/03/17 05:38:33 ...m.io/xorm/core/db.go:154:QueryContext() [I] [SQL] SELECT user_id, count(*) AS count FROM notification WHERE user_id IN (SELECT user_id FROM notification WHERE updated_unix >= ? AND updated_unix < ?) AND status = ? GROUP BY user_id [1710653901 1710653911 1] - 113.281µs
2024/03/17 05:38:43 ...m.io/xorm/core/db.go:154:QueryContext() [I] [SQL] SELECT user_id, count(*) AS count FROM notification WHERE user_id IN (SELECT user_id FROM notification WHERE updated_unix >= ? AND updated_unix < ?) AND status = ? GROUP BY user_id [1710653911 1710653921 1] - 351.136µs
2024/03/17 05:38:53 ...m.io/xorm/core/db.go:154:QueryContext() [I] [SQL] SELECT user_id, count(*) AS count FROM notification WHERE user_id IN (SELECT user_id FROM notification WHERE updated_unix >= ? AND updated_unix < ?) AND status = ? GROUP BY user_id [1710653921 1710653931 1] - 325.645µs
2024/03/17 05:39:03 ...m.io/xorm/core/db.go:154:QueryContext() [I] [SQL] SELECT user_id, count(*) AS count FROM notification WHERE user_id IN (SELECT user_id FROM notification WHERE updated_unix >= ? AND updated_unix < ?) AND status = ? GROUP BY user_id [1710653931 1710653941 1] - 4.640748ms
2024/03/17 05:39:13 ...m.io/xorm/core/db.go:154:QueryContext() [I] [SQL] SELECT user_id, count(*) AS count FROM notification WHERE user_id IN (SELECT user_id FROM notification WHERE updated_unix >= ? AND updated_unix < ?) AND status = ? GROUP BY user_id [1710653941 1710653951 1] - 795.051µs
2024/03/17 05:39:23 ...m.io/xorm/core/db.go:154:QueryContext() [I] [SQL] SELECT user_id, count(*) AS count FROM notification WHERE user_id IN (SELECT user_id FROM notification WHERE updated_unix >= ? AND updated_unix < ?) AND status = ? GROUP BY user_id [1710653951 1710653961 1] - 434.871µs
2024/03/17 05:39:33 ...m.io/xorm/core/db.go:154:QueryContext() [I] [SQL] SELECT user_id, count(*) AS count FROM notification WHERE user_id IN (SELECT user_id FROM notification WHERE updated_unix >= ? AND updated_unix < ?) AND status = ? GROUP BY user_id [1710653961 1710653971 1] - 430.974µs
2024/03/17 05:39:43 ...m.io/xorm/core/db.go:154:QueryContext() [I] [SQL] SELECT user_id, count(*) AS count FROM notification WHERE user_id IN (SELECT user_id FROM notification WHERE updated_unix >= ? AND updated_unix < ?) AND status = ? GROUP BY user_id [1710653971 1710653981 1] - 394.817µs
2024/03/17 05:39:53 ...m.io/xorm/core/db.go:154:QueryContext() [I] [SQL] SELECT user_id, count(*) AS count FROM notification WHERE user_id IN (SELECT user_id FROM notification WHERE updated_unix >= ? AND updated_unix < ?) AND status = ? GROUP BY user_id [1710653981 1710653991 1] - 387.653µs
2024/03/17 05:40:03 ...m.io/xorm/core/db.go:154:QueryContext() [I] [SQL] SELECT user_id, count(*) AS count FROM notification WHERE user_id IN (SELECT user_id FROM notification WHERE updated_unix >= ? AND updated_unix < ?) AND status = ? GROUP BY user_id [1710653991 1710654001 1] - 343.152µs
2024/03/17 05:40:13 ...m.io/xorm/core/db.go:154:QueryContext() [I] [SQL] SELECT user_id, count(*) AS count FROM notification WHERE user_id IN (SELECT user_id FROM notification WHERE updated_unix >= ? AND updated_unix < ?) AND status = ? GROUP BY user_id [1710654001 1710654011 1] - 113.144µs
2024/03/17 05:40:23 ...m.io/xorm/core/db.go:154:QueryContext() [I] [SQL] SELECT user_id, count(*) AS count FROM notification WHERE user_id IN (SELECT user_id FROM notification WHERE updated_unix >= ? AND updated_unix < ?) AND status = ? GROUP BY user_id [1710654011 1710654021 1] - 169.161µs
2024/03/17 05:40:33 ...m.io/xorm/core/db.go:154:QueryContext() [I] [SQL] SELECT user_id, count(*) AS count FROM notification WHERE user_id IN (SELECT user_id FROM notification WHERE updated_unix >= ? AND updated_unix < ?) AND status = ? GROUP BY user_id [1710654021 1710654031 1] - 357.182µs
2024/03/17 05:40:43 ...m.io/xorm/core/db.go:154:QueryContext() [I] [SQL] SELECT `id`, `repo_id`, `interval`, `enable_prune`, `updated_unix`, `next_update_unix` FROM `mirror` WHERE (next_update_unix<=?) AND (next_update_unix!=0) [1710654043] - 231.239µs
2024/03/17 05:40:43 ...m.io/xorm/core/db.go:277:ExecContext() [I] [SQL] INSERT INTO `notice` (`type`,`description`,`created_unix`) VALUES (?, ?, ?) [2 Cron: Update Mirrors has finished 1710654043] - 12.571893ms
2024/03/17 05:40:43 ...m.io/xorm/core/db.go:154:QueryContext() [I] [SQL] SELECT user_id, count(*) AS count FROM notification WHERE user_id IN (SELECT user_id FROM notification WHERE updated_unix >= ? AND updated_unix < ?) AND status = ? GROUP BY user_id [1710654031 1710654041 1] - 463.073µs
2024/03/17 05:40:53 ...m.io/xorm/core/db.go:154:QueryContext() [I] [SQL] SELECT user_id, count(*) AS count FROM notification WHERE user_id IN (SELECT user_id FROM notification WHERE updated_unix >= ? AND updated_unix < ?) AND status = ? GROUP BY user_id [1710654041 1710654051 1] - 354.552µs
2024/03/17 05:41:03 ...m.io/xorm/core/db.go:154:QueryContext() [I] [SQL] SELECT user_id, count(*) AS count FROM notification WHERE user_id IN (SELECT user_id FROM notification WHERE updated_unix >= ? AND updated_unix < ?) AND status = ? GROUP BY user_id [1710654051 1710654061 1] - 356.192µs
2024/03/17 05:41:13 ...m.io/xorm/core/db.go:154:QueryContext() [I] [SQL] SELECT user_id, count(*) AS count FROM notification WHERE user_id IN (SELECT user_id FROM notification WHERE updated_unix >= ? AND updated_unix < ?) AND status = ? GROUP BY user_id [1710654061 1710654071 1] - 627.881µs
2024/03/17 05:41:23 ...m.io/xorm/core/db.go:154:QueryContext() [I] [SQL] SELECT user_id, count(*) AS count FROM notification WHERE user_id IN (SELECT user_id FROM notification WHERE updated_unix >= ? AND updated_unix < ?) AND status = ? GROUP BY user_id [1710654071 1710654081 1] - 493.813µs
2024/03/17 05:41:33 ...m.io/xorm/core/db.go:154:QueryContext() [I] [SQL] SELECT user_id, count(*) AS count FROM notification WHERE user_id IN (SELECT user_id FROM notification WHERE updated_unix >= ? AND updated_unix < ?) AND status = ? GROUP BY user_id [1710654081 1710654091 1] - 369.796µs
2024/03/17 05:41:43 ...m.io/xorm/core/db.go:154:QueryContext() [I] [SQL] SELECT user_id, count(*) AS count FROM notification WHERE user_id IN (SELECT user_id FROM notification WHERE updated_unix >= ? AND updated_unix < ?) AND status = ? GROUP BY user_id [1710654091 1710654101 1] - 164.202µs
2024/03/17 05:41:53 ...m.io/xorm/core/db.go:154:QueryContext() [I] [SQL] SELECT user_id, count(*) AS count FROM notification WHERE user_id IN (SELECT user_id FROM notification WHERE updated_unix >= ? AND updated_unix < ?) AND status = ? GROUP BY user_id [1710654101 1710654111 1] - 261.492µs
2024/03/17 05:42:03 ...m.io/xorm/core/db.go:154:QueryContext() [I] [SQL] SELECT user_id, count(*) AS count FROM notification WHERE user_id IN (SELECT user_id FROM notification WHERE updated_unix >= ? AND updated_unix < ?) AND status = ? GROUP BY user_id [1710654111 1710654121 1] - 154.637µs
2024/03/17 05:42:13 ...m.io/xorm/core/db.go:154:QueryContext() [I] [SQL] SELECT user_id, count(*) AS count FROM notification WHERE user_id IN (SELECT user_id FROM notification WHERE updated_unix >= ? AND updated_unix < ?) AND status = ? GROUP BY user_id [1710654121 1710654131 1] - 128.313µs
2024/03/17 05:42:23 ...m.io/xorm/core/db.go:154:QueryContext() [I] [SQL] SELECT user_id, count(*) AS count FROM notification WHERE user_id IN (SELECT user_id FROM notification WHERE updated_unix >= ? AND updated_unix < ?) AND status = ? GROUP BY user_id [1710654131 1710654141 1] - 491.767µs
2024/03/17 05:42:33 ...m.io/xorm/core/db.go:154:QueryContext() [I] [SQL] SELECT user_id, count(*) AS count FROM notification WHERE user_id IN (SELECT user_id FROM notification WHERE updated_unix >= ? AND updated_unix < ?) AND status = ? GROUP BY user_id [1710654141 1710654151 1] - 343.272µs
2024/03/17 05:42:43 ...m.io/xorm/core/db.go:154:QueryContext() [I] [SQL] SELECT user_id, count(*) AS count FROM notification WHERE user_id IN (SELECT user_id FROM notification WHERE updated_unix >= ? AND updated_unix < ?) AND status = ? GROUP BY user_id [1710654151 1710654161 1] - 402.055µs
2024/03/17 05:42:53 ...m.io/xorm/core/db.go:154:QueryContext() [I] [SQL] SELECT user_id, count(*) AS count FROM notification WHERE user_id IN (SELECT user_id FROM notification WHERE updated_unix >= ? AND updated_unix < ?) AND status = ? GROUP BY user_id [1710654161 1710654171 1] - 341.607µs
2024/03/17 05:43:03 ...m.io/xorm/core/db.go:154:QueryContext() [I] [SQL] SELECT user_id, count(*) AS count FROM notification WHERE user_id IN (SELECT user_id FROM notification WHERE updated_unix >= ? AND updated_unix < ?) AND status = ? GROUP BY user_id [1710654171 1710654181 1] - 518.792µs
2024/03/17 05:43:13 ...m.io/xorm/core/db.go:154:QueryContext() [I] [SQL] SELECT user_id, count(*) AS count FROM notification WHERE user_id IN (SELECT user_id FROM notification WHERE updated_unix >= ? AND updated_unix < ?) AND status = ? GROUP BY user_id [1710654181 1710654191 1] - 500.87µs
2024/03/17 05:43:23 ...m.io/xorm/core/db.go:154:QueryContext() [I] [SQL] SELECT user_id, count(*) AS count FROM notification WHERE user_id IN (SELECT user_id FROM notification WHERE updated_unix >= ? AND updated_unix < ?) AND status = ? GROUP BY user_id [1710654191 1710654201 1] - 317.875µs
2024/03/17 05:43:33 ...m.io/xorm/core/db.go:154:QueryContext() [I] [SQL] SELECT user_id, count(*) AS count FROM notification WHERE user_id IN (SELECT user_id FROM notification WHERE updated_unix >= ? AND updated_unix < ?) AND status = ? GROUP BY user_id [1710654201 1710654211 1] - 334.02µs
2024/03/17 05:43:43 ...m.io/xorm/core/db.go:154:QueryContext() [I] [SQL] SELECT user_id, count(*) AS count FROM notification WHERE user_id IN (SELECT user_id FROM notification WHERE updated_unix >= ? AND updated_unix < ?) AND status = ? GROUP BY user_id [1710654211 1710654221 1] - 428.963µs
2024/03/17 05:43:53 ...m.io/xorm/core/db.go:154:QueryContext() [I] [SQL] SELECT user_id, count(*) AS count FROM notification WHERE user_id IN (SELECT user_id FROM notification WHERE updated_unix >= ? AND updated_unix < ?) AND status = ? GROUP BY user_id [1710654221 1710654231 1] - 371.992µs
2024/03/17 05:44:03 ...m.io/xorm/core/db.go:154:QueryContext() [I] [SQL] SELECT user_id, count(*) AS count FROM notification WHERE user_id IN (SELECT user_id FROM notification WHERE updated_unix >= ? AND updated_unix < ?) AND status = ? GROUP BY user_id [1710654231 1710654241 1] - 282.898µs
2024/03/17 05:44:13 ...m.io/xorm/core/db.go:154:QueryContext() [I] [SQL] SELECT user_id, count(*) AS count FROM notification WHERE user_id IN (SELECT user_id FROM notification WHERE updated_unix >= ? AND updated_unix < ?) AND status = ? GROUP BY user_id [1710654241 1710654251 1] - 128.89µs
2024/03/17 05:44:23 ...m.io/xorm/core/db.go:154:QueryContext() [I] [SQL] SELECT user_id, count(*) AS count FROM notification WHERE user_id IN (SELECT user_id FROM notification WHERE updated_unix >= ? AND updated_unix < ?) AND status = ? GROUP BY user_id [1710654251 1710654261 1] - 382.846µs
2024/03/17 05:44:33 ...m.io/xorm/core/db.go:154:QueryContext() [I] [SQL] SELECT user_id, count(*) AS count FROM notification WHERE user_id IN (SELECT user_id FROM notification WHERE updated_unix >= ? AND updated_unix < ?) AND status = ? GROUP BY user_id [1710654261 1710654271 1] - 326.271µs
2024/03/17 05:44:43 ...m.io/xorm/core/db.go:154:QueryContext() [I] [SQL] SELECT user_id, count(*) AS count FROM notification WHERE user_id IN (SELECT user_id FROM notification WHERE updated_unix >= ? AND updated_unix < ?) AND status = ? GROUP BY user_id [1710654271 1710654281 1] - 313.31µs
2024/03/17 05:44:53 ...m.io/xorm/core/db.go:154:QueryContext() [I] [SQL] SELECT user_id, count(*) AS count FROM notification WHERE user_id IN (SELECT user_id FROM notification WHERE updated_unix >= ? AND updated_unix < ?) AND status = ? GROUP BY user_id [1710654281 1710654291 1] - 350.024µs
2024/03/17 05:45:03 ...m.io/xorm/core/db.go:154:QueryContext() [I] [SQL] SELECT user_id, count(*) AS count FROM notification WHERE user_id IN (SELECT user_id FROM notification WHERE updated_unix >= ? AND updated_unix < ?) AND status = ? GROUP BY user_id [1710654291 1710654301 1] - 85.773µs
2024/03/17 05:45:13 ...m.io/xorm/core/db.go:154:QueryContext() [I] [SQL] SELECT user_id, count(*) AS count FROM notification WHERE user_id IN (SELECT user_id FROM notification WHERE updated_unix >= ? AND updated_unix < ?) AND status = ? GROUP BY user_id [1710654301 1710654311 1] - 183.776µs
2024/03/17 05:45:23 ...m.io/xorm/core/db.go:154:QueryContext() [I] [SQL] SELECT user_id, count(*) AS count FROM notification WHERE user_id IN (SELECT user_id FROM notification WHERE updated_unix >= ? AND updated_unix < ?) AND status = ? GROUP BY user_id [1710654311 1710654321 1] - 110.912µs
2024/03/17 05:45:33 ...m.io/xorm/core/db.go:154:QueryContext() [I] [SQL] SELECT user_id, count(*) AS count FROM notification WHERE user_id IN (SELECT user_id FROM notification WHERE updated_unix >= ? AND updated_unix < ?) AND status = ? GROUP BY user_id [1710654321 1710654331 1] - 315.705µs
2024/03/17 05:45:43 ...m.io/xorm/core/db.go:154:QueryContext() [I] [SQL] SELECT user_id, count(*) AS count FROM notification WHERE user_id IN (SELECT user_id FROM notification WHERE updated_unix >= ? AND updated_unix < ?) AND status = ? GROUP BY user_id [1710654331 1710654341 1] - 134.154µs
2024/03/17 05:45:53 ...m.io/xorm/core/db.go:154:QueryContext() [I] [SQL] SELECT user_id, count(*) AS count FROM notification WHERE user_id IN (SELECT user_id FROM notification WHERE updated_unix >= ? AND updated_unix < ?) AND status = ? GROUP BY user_id [1710654341 1710654351 1] - 142.497µs
2024/03/17 05:46:03 ...m.io/xorm/core/db.go:154:QueryContext() [I] [SQL] SELECT user_id, count(*) AS count FROM notification WHERE user_id IN (SELECT user_id FROM notification WHERE updated_unix >= ? AND updated_unix < ?) AND status = ? GROUP BY user_id [1710654351 1710654361 1] - 151.456µs
2024/03/17 05:46:13 ...m.io/xorm/core/db.go:154:QueryContext() [I] [SQL] SELECT user_id, count(*) AS count FROM notification WHERE user_id IN (SELECT user_id FROM notification WHERE updated_unix >= ? AND updated_unix < ?) AND status = ? GROUP BY user_id [1710654361 1710654371 1] - 325.103µs
2024/03/17 05:46:23 ...m.io/xorm/core/db.go:154:QueryContext() [I] [SQL] SELECT user_id, count(*) AS count FROM notification WHERE user_id IN (SELECT user_id FROM notification WHERE updated_unix >= ? AND updated_unix < ?) AND status = ? GROUP BY user_id [1710654371 1710654381 1] - 373.645µs
2024/03/17 05:46:33 ...m.io/xorm/core/db.go:154:QueryContext() [I] [SQL] SELECT user_id, count(*) AS count FROM notification WHERE user_id IN (SELECT user_id FROM notification WHERE updated_unix >= ? AND updated_unix < ?) AND status = ? GROUP BY user_id [1710654381 1710654391 1] - 419.332µs
2024/03/17 05:46:43 ...m.io/xorm/core/db.go:154:QueryContext() [I] [SQL] SELECT user_id, count(*) AS count FROM notification WHERE user_id IN (SELECT user_id FROM notification WHERE updated_unix >= ? AND updated_unix < ?) AND status = ? GROUP BY user_id [1710654391 1710654401 1] - 377.66µs
2024/03/17 05:46:53 ...m.io/xorm/core/db.go:154:QueryContext() [I] [SQL] SELECT user_id, count(*) AS count FROM notification WHERE user_id IN (SELECT user_id FROM notification WHERE updated_unix >= ? AND updated_unix < ?) AND status = ? GROUP BY user_id [1710654401 1710654411 1] - 368.475µs
2024/03/17 05:47:03 ...m.io/xorm/core/db.go:154:QueryContext() [I] [SQL] SELECT user_id, count(*) AS count FROM notification WHERE user_id IN (SELECT user_id FROM notification WHERE updated_unix >= ? AND updated_unix < ?) AND status = ? GROUP BY user_id [1710654411 1710654421 1] - 121.346µs
2024/03/17 05:47:13 ...m.io/xorm/core/db.go:154:QueryContext() [I] [SQL] SELECT user_id, count(*) AS count FROM notification WHERE user_id IN (SELECT user_id FROM notification WHERE updated_unix >= ? AND updated_unix < ?) AND status = ? GROUP BY user_id [1710654421 1710654431 1] - 603.142µs
2024/03/17 05:47:23 ...m.io/xorm/core/db.go:154:QueryContext() [I] [SQL] SELECT user_id, count(*) AS count FROM notification WHERE user_id IN (SELECT user_id FROM notification WHERE updated_unix >= ? AND updated_unix < ?) AND status = ? GROUP BY user_id [1710654431 1710654441 1] - 115.887µs
2024/03/17 05:47:33 ...m.io/xorm/core/db.go:154:QueryContext() [I] [SQL] SELECT user_id, count(*) AS count FROM notification WHERE user_id IN (SELECT user_id FROM notification WHERE updated_unix >= ? AND updated_unix < ?) AND status = ? GROUP BY user_id [1710654441 1710654451 1] - 324µs
2024/03/17 05:47:43 ...m.io/xorm/core/db.go:154:QueryContext() [I] [SQL] SELECT user_id, count(*) AS count FROM notification WHERE user_id IN (SELECT user_id FROM notification WHERE updated_unix >= ? AND updated_unix < ?) AND status = ? GROUP BY user_id [1710654451 1710654461 1] - 291.443µs
2024/03/17 05:47:53 ...m.io/xorm/core/db.go:154:QueryContext() [I] [SQL] SELECT user_id, count(*) AS count FROM notification WHERE user_id IN (SELECT user_id FROM notification WHERE updated_unix >= ? AND updated_unix < ?) AND status = ? GROUP BY user_id [1710654461 1710654471 1] - 101.654µs
2024/03/17 05:48:03 ...m.io/xorm/core/db.go:154:QueryContext() [I] [SQL] SELECT user_id, count(*) AS count FROM notification WHERE user_id IN (SELECT user_id FROM notification WHERE updated_unix >= ? AND updated_unix < ?) AND status = ? GROUP BY user_id [1710654471 1710654481 1] - 124.493µs
2024/03/17 05:48:13 ...m.io/xorm/core/db.go:154:QueryContext() [I] [SQL] SELECT user_id, count(*) AS count FROM notification WHERE user_id IN (SELECT user_id FROM notification WHERE updated_unix >= ? AND updated_unix < ?) AND status = ? GROUP BY user_id [1710654481 1710654491 1] - 370.603µs
2024/03/17 05:48:23 ...m.io/xorm/core/db.go:154:QueryContext() [I] [SQL] SELECT user_id, count(*) AS count FROM notification WHERE user_id IN (SELECT user_id FROM notification WHERE updated_unix >= ? AND updated_unix < ?) AND status = ? GROUP BY user_id [1710654491 1710654501 1] - 278.421µs
2024/03/17 05:48:33 ...m.io/xorm/core/db.go:154:QueryContext() [I] [SQL] SELECT user_id, count(*) AS count FROM notification WHERE user_id IN (SELECT user_id FROM notification WHERE updated_unix >= ? AND updated_unix < ?) AND status = ? GROUP BY user_id [1710654501 1710654511 1] - 417.387µs
2024/03/17 05:48:43 ...m.io/xorm/core/db.go:154:QueryContext() [I] [SQL] SELECT user_id, count(*) AS count FROM notification WHERE user_id IN (SELECT user_id FROM notification WHERE updated_unix >= ? AND updated_unix < ?) AND status = ? GROUP BY user_id [1710654511 1710654521 1] - 414.216µs
2024/03/17 05:48:53 ...m.io/xorm/core/db.go:154:QueryContext() [I] [SQL] SELECT user_id, count(*) AS count FROM notification WHERE user_id IN (SELECT user_id FROM notification WHERE updated_unix >= ? AND updated_unix < ?) AND status = ? GROUP BY user_id [1710654521 1710654531 1] - 475.27µs
2024/03/17 05:49:03 ...m.io/xorm/core/db.go:154:QueryContext() [I] [SQL] SELECT user_id, count(*) AS count FROM notification WHERE user_id IN (SELECT user_id FROM notification WHERE updated_unix >= ? AND updated_unix < ?) AND status = ? GROUP BY user_id [1710654531 1710654541 1] - 340.98µs
2024/03/17 05:49:13 ...m.io/xorm/core/db.go:154:QueryContext() [I] [SQL] SELECT user_id, count(*) AS count FROM notification WHERE user_id IN (SELECT user_id FROM notification WHERE updated_unix >= ? AND updated_unix < ?) AND status = ? GROUP BY user_id [1710654541 1710654551 1] - 620.94µs
2024/03/17 05:49:23 ...m.io/xorm/core/db.go:154:QueryContext() [I] [SQL] SELECT user_id, count(*) AS count FROM notification WHERE user_id IN (SELECT user_id FROM notification WHERE updated_unix >= ? AND updated_unix < ?) AND status = ? GROUP BY user_id [1710654551 1710654561 1] - 509.464µs
2024/03/17 05:49:33 ...m.io/xorm/core/db.go:154:QueryContext() [I] [SQL] SELECT user_id, count(*) AS count FROM notification WHERE user_id IN (SELECT user_id FROM notification WHERE updated_unix >= ? AND updated_unix < ?) AND status = ? GROUP BY user_id [1710654561 1710654571 1] - 395.886µs
2024/03/17 05:49:43 ...m.io/xorm/core/db.go:154:QueryContext() [I] [SQL] SELECT user_id, count(*) AS count FROM notification WHERE user_id IN (SELECT user_id FROM notification WHERE updated_unix >= ? AND updated_unix < ?) AND status = ? GROUP BY user_id [1710654571 1710654581 1] - 256.376µs
2024/03/17 05:49:53 ...m.io/xorm/core/db.go:154:QueryContext() [I] [SQL] SELECT user_id, count(*) AS count FROM notification WHERE user_id IN (SELECT user_id FROM notification WHERE updated_unix >= ? AND updated_unix < ?) AND status = ? GROUP BY user_id [1710654581 1710654591 1] - 434.521µs
2024/03/17 05:50:03 ...m.io/xorm/core/db.go:154:QueryContext() [I] [SQL] SELECT user_id, count(*) AS count FROM notification WHERE user_id IN (SELECT user_id FROM notification WHERE updated_unix >= ? AND updated_unix < ?) AND status = ? GROUP BY user_id [1710654591 1710654601 1] - 108.408µs
2024/03/17 05:50:13 ...m.io/xorm/core/db.go:154:QueryContext() [I] [SQL] SELECT user_id, count(*) AS count FROM notification WHERE user_id IN (SELECT user_id FROM notification WHERE updated_unix >= ? AND updated_unix < ?) AND status = ? GROUP BY user_id [1710654601 1710654611 1] - 401.433µs
2024/03/17 05:50:23 ...m.io/xorm/core/db.go:154:QueryContext() [I] [SQL] SELECT user_id, count(*) AS count FROM notification WHERE user_id IN (SELECT user_id FROM notification WHERE updated_unix >= ? AND updated_unix < ?) AND status = ? GROUP BY user_id [1710654611 1710654621 1] - 377.085µs
2024/03/17 05:50:33 ...m.io/xorm/core/db.go:154:QueryContext() [I] [SQL] SELECT user_id, count(*) AS count FROM notification WHERE user_id IN (SELECT user_id FROM notification WHERE updated_unix >= ? AND updated_unix < ?) AND status = ? GROUP BY user_id [1710654621 1710654631 1] - 285.271µs
2024/03/17 05:50:43 ...m.io/xorm/core/db.go:154:QueryContext() [I] [SQL] SELECT `id`, `repo_id`, `interval`, `enable_prune`, `updated_unix`, `next_update_unix` FROM `mirror` WHERE (next_update_unix<=?) AND (next_update_unix!=0) [1710654643] - 311.726µs
2024/03/17 05:50:43 ...m.io/xorm/core/db.go:277:ExecContext() [I] [SQL] INSERT INTO `notice` (`type`,`description`,`created_unix`) VALUES (?, ?, ?) [2 Cron: Update Mirrors has finished 1710654643] - 13.157612ms
2024/03/17 05:50:43 ...m.io/xorm/core/db.go:154:QueryContext() [I] [SQL] SELECT user_id, count(*) AS count FROM notification WHERE user_id IN (SELECT user_id FROM notification WHERE updated_unix >= ? AND updated_unix < ?) AND status = ? GROUP BY user_id [1710654631 1710654641 1] - 127.363µs
2024/03/17 05:50:53 ...m.io/xorm/core/db.go:154:QueryContext() [I] [SQL] SELECT user_id, count(*) AS count FROM notification WHERE user_id IN (SELECT user_id FROM notification WHERE updated_unix >= ? AND updated_unix < ?) AND status = ? GROUP BY user_id [1710654641 1710654651 1] - 393.085µs
2024/03/17 05:51:03 ...m.io/xorm/core/db.go:154:QueryContext() [I] [SQL] SELECT user_id, count(*) AS count FROM notification WHERE user_id IN (SELECT user_id FROM notification WHERE updated_unix >= ? AND updated_unix < ?) AND status = ? GROUP BY user_id [1710654651 1710654661 1] - 459.575µs
2024/03/17 05:51:13 ...m.io/xorm/core/db.go:154:QueryContext() [I] [SQL] SELECT user_id, count(*) AS count FROM notification WHERE user_id IN (SELECT user_id FROM notification WHERE updated_unix >= ? AND updated_unix < ?) AND status = ? GROUP BY user_id [1710654661 1710654671 1] - 470.007µs
2024/03/17 05:51:23 ...m.io/xorm/core/db.go:154:QueryContext() [I] [SQL] SELECT user_id, count(*) AS count FROM notification WHERE user_id IN (SELECT user_id FROM notification WHERE updated_unix >= ? AND updated_unix < ?) AND status = ? GROUP BY user_id [1710654671 1710654681 1] - 297.915µs
2024/03/17 05:51:33 ...m.io/xorm/core/db.go:154:QueryContext() [I] [SQL] SELECT user_id, count(*) AS count FROM notification WHERE user_id IN (SELECT user_id FROM notification WHERE updated_unix >= ? AND updated_unix < ?) AND status = ? GROUP BY user_id [1710654681 1710654691 1] - 307.838µs
2024/03/17 05:51:43 ...m.io/xorm/core/db.go:154:QueryContext() [I] [SQL] SELECT user_id, count(*) AS count FROM notification WHERE user_id IN (SELECT user_id FROM notification WHERE updated_unix >= ? AND updated_unix < ?) AND status = ? GROUP BY user_id [1710654691 1710654701 1] - 234.961µs
2024/03/17 05:51:53 ...m.io/xorm/core/db.go:154:QueryContext() [I] [SQL] SELECT user_id, count(*) AS count FROM notification WHERE user_id IN (SELECT user_id FROM notification WHERE updated_unix >= ? AND updated_unix < ?) AND status = ? GROUP BY user_id [1710654701 1710654711 1] - 311.115µs
2024/03/17 05:52:03 ...m.io/xorm/core/db.go:154:QueryContext() [I] [SQL] SELECT user_id, count(*) AS count FROM notification WHERE user_id IN (SELECT user_id FROM notification WHERE updated_unix >= ? AND updated_unix < ?) AND status = ? GROUP BY user_id [1710654711 1710654721 1] - 189.646µs
2024/03/17 05:52:13 ...m.io/xorm/core/db.go:154:QueryContext() [I] [SQL] SELECT user_id, count(*) AS count FROM notification WHERE user_id IN (SELECT user_id FROM notification WHERE updated_unix >= ? AND updated_unix < ?) AND status = ? GROUP BY user_id [1710654721 1710654731 1] - 386.409µs
2024/03/17 05:52:23 ...m.io/xorm/core/db.go:154:QueryContext() [I] [SQL] SELECT user_id, count(*) AS count FROM notification WHERE user_id IN (SELECT user_id FROM notification WHERE updated_unix >= ? AND updated_unix < ?) AND status = ? GROUP BY user_id [1710654731 1710654741 1] - 188.33µs
2024/03/17 05:52:33 ...m.io/xorm/core/db.go:154:QueryContext() [I] [SQL] SELECT user_id, count(*) AS count FROM notification WHERE user_id IN (SELECT user_id FROM notification WHERE updated_unix >= ? AND updated_unix < ?) AND status = ? GROUP BY user_id [1710654741 1710654751 1] - 120.363µs
2024/03/17 05:52:43 ...m.io/xorm/core/db.go:154:QueryContext() [I] [SQL] SELECT user_id, count(*) AS count FROM notification WHERE user_id IN (SELECT user_id FROM notification WHERE updated_unix >= ? AND updated_unix < ?) AND status = ? GROUP BY user_id [1710654751 1710654761 1] - 264.616µs
2024/03/17 05:52:53 ...m.io/xorm/core/db.go:154:QueryContext() [I] [SQL] SELECT user_id, count(*) AS count FROM notification WHERE user_id IN (SELECT user_id FROM notification WHERE updated_unix >= ? AND updated_unix < ?) AND status = ? GROUP BY user_id [1710654761 1710654771 1] - 159.565µs
2024/03/17 05:53:03 ...m.io/xorm/core/db.go:154:QueryContext() [I] [SQL] SELECT user_id, count(*) AS count FROM notification WHERE user_id IN (SELECT user_id FROM notification WHERE updated_unix >= ? AND updated_unix < ?) AND status = ? GROUP BY user_id [1710654771 1710654781 1] - 130.039µs
2024/03/17 05:53:13 ...m.io/xorm/core/db.go:154:QueryContext() [I] [SQL] SELECT user_id, count(*) AS count FROM notification WHERE user_id IN (SELECT user_id FROM notification WHERE updated_unix >= ? AND updated_unix < ?) AND status = ? GROUP BY user_id [1710654781 1710654791 1] - 417.05µs
2024/03/17 05:53:23 ...m.io/xorm/core/db.go:154:QueryContext() [I] [SQL] SELECT user_id, count(*) AS count FROM notification WHERE user_id IN (SELECT user_id FROM notification WHERE updated_unix >= ? AND updated_unix < ?) AND status = ? GROUP BY user_id [1710654791 1710654801 1] - 359.891µs
2024/03/17 05:53:33 ...m.io/xorm/core/db.go:154:QueryContext() [I] [SQL] SELECT user_id, count(*) AS count FROM notification WHERE user_id IN (SELECT user_id FROM notification WHERE updated_unix >= ? AND updated_unix < ?) AND status = ? GROUP BY user_id [1710654801 1710654811 1] - 389.11µs
2024/03/17 05:53:43 ...m.io/xorm/core/db.go:154:QueryContext() [I] [SQL] SELECT user_id, count(*) AS count FROM notification WHERE user_id IN (SELECT user_id FROM notification WHERE updated_unix >= ? AND updated_unix < ?) AND status = ? GROUP BY user_id [1710654811 1710654821 1] - 391.652µs
2024/03/17 05:53:53 ...m.io/xorm/core/db.go:154:QueryContext() [I] [SQL] SELECT user_id, count(*) AS count FROM notification WHERE user_id IN (SELECT user_id FROM notification WHERE updated_unix >= ? AND updated_unix < ?) AND status = ? GROUP BY user_id [1710654821 1710654831 1] - 430.242µs
2024/03/17 05:54:03 ...m.io/xorm/core/db.go:154:QueryContext() [I] [SQL] SELECT user_id, count(*) AS count FROM notification WHERE user_id IN (SELECT user_id FROM notification WHERE updated_unix >= ? AND updated_unix < ?) AND status = ? GROUP BY user_id [1710654831 1710654841 1] - 424.54µs
2024/03/17 05:54:13 ...m.io/xorm/core/db.go:154:QueryContext() [I] [SQL] SELECT user_id, count(*) AS count FROM notification WHERE user_id IN (SELECT user_id FROM notification WHERE updated_unix >= ? AND updated_unix < ?) AND status = ? GROUP BY user_id [1710654841 1710654851 1] - 297.958µs
2024/03/17 05:54:23 ...m.io/xorm/core/db.go:154:QueryContext() [I] [SQL] SELECT user_id, count(*) AS count FROM notification WHERE user_id IN (SELECT user_id FROM notification WHERE updated_unix >= ? AND updated_unix < ?) AND status = ? GROUP BY user_id [1710654851 1710654861 1] - 283.2µs
2024/03/17 05:54:33 ...m.io/xorm/core/db.go:154:QueryContext() [I] [SQL] SELECT user_id, count(*) AS count FROM notification WHERE user_id IN (SELECT user_id FROM notification WHERE updated_unix >= ? AND updated_unix < ?) AND status = ? GROUP BY user_id [1710654861 1710654871 1] - 456.583µs
2024/03/17 05:54:43 ...m.io/xorm/core/db.go:154:QueryContext() [I] [SQL] SELECT user_id, count(*) AS count FROM notification WHERE user_id IN (SELECT user_id FROM notification WHERE updated_unix >= ? AND updated_unix < ?) AND status = ? GROUP BY user_id [1710654871 1710654881 1] - 239.074µs
2024/03/17 05:54:53 ...m.io/xorm/core/db.go:154:QueryContext() [I] [SQL] SELECT user_id, count(*) AS count FROM notification WHERE user_id IN (SELECT user_id FROM notification WHERE updated_unix >= ? AND updated_unix < ?) AND status = ? GROUP BY user_id [1710654881 1710654891 1] - 182.745µs
2024/03/17 05:55:03 ...m.io/xorm/core/db.go:154:QueryContext() [I] [SQL] SELECT user_id, count(*) AS count FROM notification WHERE user_id IN (SELECT user_id FROM notification WHERE updated_unix >= ? AND updated_unix < ?) AND status = ? GROUP BY user_id [1710654891 1710654901 1] - 282.226µs
2024/03/17 05:55:13 ...m.io/xorm/core/db.go:154:QueryContext() [I] [SQL] SELECT user_id, count(*) AS count FROM notification WHERE user_id IN (SELECT user_id FROM notification WHERE updated_unix >= ? AND updated_unix < ?) AND status = ? GROUP BY user_id [1710654901 1710654911 1] - 148.861µs
2024/03/17 05:55:23 ...m.io/xorm/core/db.go:154:QueryContext() [I] [SQL] SELECT user_id, count(*) AS count FROM notification WHERE user_id IN (SELECT user_id FROM notification WHERE updated_unix >= ? AND updated_unix < ?) AND status = ? GROUP BY user_id [1710654911 1710654921 1] - 153.867µs
2024/03/17 05:55:33 ...m.io/xorm/core/db.go:154:QueryContext() [I] [SQL] SELECT user_id, count(*) AS count FROM notification WHERE user_id IN (SELECT user_id FROM notification WHERE updated_unix >= ? AND updated_unix < ?) AND status = ? GROUP BY user_id [1710654921 1710654931 1] - 153.73µs
2024/03/17 05:55:43 ...m.io/xorm/core/db.go:154:QueryContext() [I] [SQL] SELECT user_id, count(*) AS count FROM notification WHERE user_id IN (SELECT user_id FROM notification WHERE updated_unix >= ? AND updated_unix < ?) AND status = ? GROUP BY user_id [1710654931 1710654941 1] - 146.77µs
2024/03/17 05:55:53 ...m.io/xorm/core/db.go:154:QueryContext() [I] [SQL] SELECT user_id, count(*) AS count FROM notification WHERE user_id IN (SELECT user_id FROM notification WHERE updated_unix >= ? AND updated_unix < ?) AND status = ? GROUP BY user_id [1710654941 1710654951 1] - 140.43µs
2024/03/17 05:56:03 ...m.io/xorm/core/db.go:154:QueryContext() [I] [SQL] SELECT user_id, count(*) AS count FROM notification WHERE user_id IN (SELECT user_id FROM notification WHERE updated_unix >= ? AND updated_unix < ?) AND status = ? GROUP BY user_id [1710654951 1710654961 1] - 128.067µs
2024/03/17 05:56:13 ...m.io/xorm/core/db.go:154:QueryContext() [I] [SQL] SELECT user_id, count(*) AS count FROM notification WHERE user_id IN (SELECT user_id FROM notification WHERE updated_unix >= ? AND updated_unix < ?) AND status = ? GROUP BY user_id [1710654961 1710654971 1] - 380.418µs
2024/03/17 05:56:23 ...m.io/xorm/core/db.go:154:QueryContext() [I] [SQL] SELECT user_id, count(*) AS count FROM notification WHERE user_id IN (SELECT user_id FROM notification WHERE updated_unix >= ? AND updated_unix < ?) AND status = ? GROUP BY user_id [1710654971 1710654981 1] - 163.474µs
2024/03/17 05:56:33 ...m.io/xorm/core/db.go:154:QueryContext() [I] [SQL] SELECT user_id, count(*) AS count FROM notification WHERE user_id IN (SELECT user_id FROM notification WHERE updated_unix >= ? AND updated_unix < ?) AND status = ? GROUP BY user_id [1710654981 1710654991 1] - 120.713µs
2024/03/17 05:56:43 ...m.io/xorm/core/db.go:154:QueryContext() [I] [SQL] SELECT user_id, count(*) AS count FROM notification WHERE user_id IN (SELECT user_id FROM notification WHERE updated_unix >= ? AND updated_unix < ?) AND status = ? GROUP BY user_id [1710654991 1710655001 1] - 139.665µs
2024/03/17 05:56:53 ...m.io/xorm/core/db.go:154:QueryContext() [I] [SQL] SELECT user_id, count(*) AS count FROM notification WHERE user_id IN (SELECT user_id FROM notification WHERE updated_unix >= ? AND updated_unix < ?) AND status = ? GROUP BY user_id [1710655001 1710655011 1] - 241.024µs
2024/03/17 05:57:03 ...m.io/xorm/core/db.go:154:QueryContext() [I] [SQL] SELECT user_id, count(*) AS count FROM notification WHERE user_id IN (SELECT user_id FROM notification WHERE updated_unix >= ? AND updated_unix < ?) AND status = ? GROUP BY user_id [1710655011 1710655021 1] - 146.725µs
2024/03/17 05:57:13 ...m.io/xorm/core/db.go:154:QueryContext() [I] [SQL] SELECT user_id, count(*) AS count FROM notification WHERE user_id IN (SELECT user_id FROM notification WHERE updated_unix >= ? AND updated_unix < ?) AND status = ? GROUP BY user_id [1710655021 1710655031 1] - 408.685µs
2024/03/17 05:57:23 ...m.io/xorm/core/db.go:154:QueryContext() [I] [SQL] SELECT user_id, count(*) AS count FROM notification WHERE user_id IN (SELECT user_id FROM notification WHERE updated_unix >= ? AND updated_unix < ?) AND status = ? GROUP BY user_id [1710655031 1710655041 1] - 370.326µs
2024/03/17 05:57:33 ...m.io/xorm/core/db.go:154:QueryContext() [I] [SQL] SELECT user_id, count(*) AS count FROM notification WHERE user_id IN (SELECT user_id FROM notification WHERE updated_unix >= ? AND updated_unix < ?) AND status = ? GROUP BY user_id [1710655041 1710655051 1] - 466.563µs
2024/03/17 05:57:43 ...m.io/xorm/core/db.go:154:QueryContext() [I] [SQL] SELECT user_id, count(*) AS count FROM notification WHERE user_id IN (SELECT user_id FROM notification WHERE updated_unix >= ? AND updated_unix < ?) AND status = ? GROUP BY user_id [1710655051 1710655061 1] - 138.363µs
2024/03/17 05:57:53 ...m.io/xorm/core/db.go:154:QueryContext() [I] [SQL] SELECT user_id, count(*) AS count FROM notification WHERE user_id IN (SELECT user_id FROM notification WHERE updated_unix >= ? AND updated_unix < ?) AND status = ? GROUP BY user_id [1710655061 1710655071 1] - 295.184µs
2024/03/17 05:58:03 ...m.io/xorm/core/db.go:154:QueryContext() [I] [SQL] SELECT user_id, count(*) AS count FROM notification WHERE user_id IN (SELECT user_id FROM notification WHERE updated_unix >= ? AND updated_unix < ?) AND status = ? GROUP BY user_id [1710655071 1710655081 1] - 342.752µs
2024/03/17 05:58:13 ...m.io/xorm/core/db.go:154:QueryContext() [I] [SQL] SELECT user_id, count(*) AS count FROM notification WHERE user_id IN (SELECT user_id FROM notification WHERE updated_unix >= ? AND updated_unix < ?) AND status = ? GROUP BY user_id [1710655081 1710655091 1] - 319.314µs
2024/03/17 05:58:23 ...m.io/xorm/core/db.go:154:QueryContext() [I] [SQL] SELECT user_id, count(*) AS count FROM notification WHERE user_id IN (SELECT user_id FROM notification WHERE updated_unix >= ? AND updated_unix < ?) AND status = ? GROUP BY user_id [1710655091 1710655101 1] - 364.171µs
2024/03/17 05:58:33 ...m.io/xorm/core/db.go:154:QueryContext() [I] [SQL] SELECT user_id, count(*) AS count FROM notification WHERE user_id IN (SELECT user_id FROM notification WHERE updated_unix >= ? AND updated_unix < ?) AND status = ? GROUP BY user_id [1710655101 1710655111 1] - 243.062µs
2024/03/17 05:58:43 ...m.io/xorm/core/db.go:154:QueryContext() [I] [SQL] SELECT user_id, count(*) AS count FROM notification WHERE user_id IN (SELECT user_id FROM notification WHERE updated_unix >= ? AND updated_unix < ?) AND status = ? GROUP BY user_id [1710655111 1710655121 1] - 326.441µs
2024/03/17 05:58:53 ...m.io/xorm/core/db.go:154:QueryContext() [I] [SQL] SELECT user_id, count(*) AS count FROM notification WHERE user_id IN (SELECT user_id FROM notification WHERE updated_unix >= ? AND updated_unix < ?) AND status = ? GROUP BY user_id [1710655121 1710655131 1] - 387.826µs
2024/03/17 05:59:03 ...m.io/xorm/core/db.go:154:QueryContext() [I] [SQL] SELECT user_id, count(*) AS count FROM notification WHERE user_id IN (SELECT user_id FROM notification WHERE updated_unix >= ? AND updated_unix < ?) AND status = ? GROUP BY user_id [1710655131 1710655141 1] - 409.319µs
2024/03/17 05:59:13 ...m.io/xorm/core/db.go:154:QueryContext() [I] [SQL] SELECT user_id, count(*) AS count FROM notification WHERE user_id IN (SELECT user_id FROM notification WHERE updated_unix >= ? AND updated_unix < ?) AND status = ? GROUP BY user_id [1710655141 1710655151 1] - 448.775µs
2024/03/17 05:59:23 ...m.io/xorm/core/db.go:154:QueryContext() [I] [SQL] SELECT user_id, count(*) AS count FROM notification WHERE user_id IN (SELECT user_id FROM notification WHERE updated_unix >= ? AND updated_unix < ?) AND status = ? GROUP BY user_id [1710655151 1710655161 1] - 251.442µs
2024/03/17 05:59:33 ...m.io/xorm/core/db.go:154:QueryContext() [I] [SQL] SELECT user_id, count(*) AS count FROM notification WHERE user_id IN (SELECT user_id FROM notification WHERE updated_unix >= ? AND updated_unix < ?) AND status = ? GROUP BY user_id [1710655161 1710655171 1] - 402.21µs
2024/03/17 05:59:43 ...m.io/xorm/core/db.go:154:QueryContext() [I] [SQL] SELECT user_id, count(*) AS count FROM notification WHERE user_id IN (SELECT user_id FROM notification WHERE updated_unix >= ? AND updated_unix < ?) AND status = ? GROUP BY user_id [1710655171 1710655181 1] - 353.435µs
2024/03/17 05:59:53 ...m.io/xorm/core/db.go:154:QueryContext() [I] [SQL] SELECT user_id, count(*) AS count FROM notification WHERE user_id IN (SELECT user_id FROM notification WHERE updated_unix >= ? AND updated_unix < ?) AND status = ? GROUP BY user_id [1710655181 1710655191 1] - 326.19µs
2024/03/17 06:00:03 ...m.io/xorm/core/db.go:154:QueryContext() [I] [SQL] SELECT user_id, count(*) AS count FROM notification WHERE user_id IN (SELECT user_id FROM notification WHERE updated_unix >= ? AND updated_unix < ?) AND status = ? GROUP BY user_id [1710655191 1710655201 1] - 221.981µs
2024/03/17 06:00:13 ...m.io/xorm/core/db.go:154:QueryContext() [I] [SQL] SELECT user_id, count(*) AS count FROM notification WHERE user_id IN (SELECT user_id FROM notification WHERE updated_unix >= ? AND updated_unix < ?) AND status = ? GROUP BY user_id [1710655201 1710655211 1] - 401.699µs
2024/03/17 06:00:23 ...m.io/xorm/core/db.go:154:QueryContext() [I] [SQL] SELECT user_id, count(*) AS count FROM notification WHERE user_id IN (SELECT user_id FROM notification WHERE updated_unix >= ? AND updated_unix < ?) AND status = ? GROUP BY user_id [1710655211 1710655221 1] - 202.666µs
2024/03/17 06:00:33 ...m.io/xorm/core/db.go:154:QueryContext() [I] [SQL] SELECT user_id, count(*) AS count FROM notification WHERE user_id IN (SELECT user_id FROM notification WHERE updated_unix >= ? AND updated_unix < ?) AND status = ? GROUP BY user_id [1710655221 1710655231 1] - 457.605µs
2024/03/17 06:00:43 ...m.io/xorm/core/db.go:154:QueryContext() [I] [SQL] SELECT `id`, `repo_id`, `interval`, `enable_prune`, `updated_unix`, `next_update_unix` FROM `mirror` WHERE (next_update_unix<=?) AND (next_update_unix!=0) [1710655243] - 175.34µs
2024/03/17 06:00:43 ...m.io/xorm/core/db.go:277:ExecContext() [I] [SQL] INSERT INTO `notice` (`type`,`description`,`created_unix`) VALUES (?, ?, ?) [2 Cron: Update Mirrors has finished 1710655243] - 4.111876ms
2024/03/17 06:00:43 ...m.io/xorm/core/db.go:154:QueryContext() [I] [SQL] SELECT user_id, count(*) AS count FROM notification WHERE user_id IN (SELECT user_id FROM notification WHERE updated_unix >= ? AND updated_unix < ?) AND status = ? GROUP BY user_id [1710655231 1710655241 1] - 322.486µs
2024/03/17 06:00:53 ...m.io/xorm/core/db.go:154:QueryContext() [I] [SQL] SELECT user_id, count(*) AS count FROM notification WHERE user_id IN (SELECT user_id FROM notification WHERE updated_unix >= ? AND updated_unix < ?) AND status = ? GROUP BY user_id [1710655241 1710655251 1] - 292.38µs
2024/03/17 06:01:03 ...m.io/xorm/core/db.go:154:QueryContext() [I] [SQL] SELECT user_id, count(*) AS count FROM notification WHERE user_id IN (SELECT user_id FROM notification WHERE updated_unix >= ? AND updated_unix < ?) AND status = ? GROUP BY user_id [1710655251 1710655261 1] - 276.835µs
2024/03/17 06:01:13 ...m.io/xorm/core/db.go:154:QueryContext() [I] [SQL] SELECT user_id, count(*) AS count FROM notification WHERE user_id IN (SELECT user_id FROM notification WHERE updated_unix >= ? AND updated_unix < ?) AND status = ? GROUP BY user_id [1710655261 1710655271 1] - 485.514µs
2024/03/17 06:01:23 ...m.io/xorm/core/db.go:154:QueryContext() [I] [SQL] SELECT user_id, count(*) AS count FROM notification WHERE user_id IN (SELECT user_id FROM notification WHERE updated_unix >= ? AND updated_unix < ?) AND status = ? GROUP BY user_id [1710655271 1710655281 1] - 547.478µs
2024/03/17 06:01:33 ...m.io/xorm/core/db.go:154:QueryContext() [I] [SQL] SELECT user_id, count(*) AS count FROM notification WHERE user_id IN (SELECT user_id FROM notification WHERE updated_unix >= ? AND updated_unix < ?) AND status = ? GROUP BY user_id [1710655281 1710655291 1] - 491.887µs
2024/03/17 06:01:43 ...m.io/xorm/core/db.go:154:QueryContext() [I] [SQL] SELECT user_id, count(*) AS count FROM notification WHERE user_id IN (SELECT user_id FROM notification WHERE updated_unix >= ? AND updated_unix < ?) AND status = ? GROUP BY user_id [1710655291 1710655301 1] - 384.148µs
2024/03/17 06:01:53 ...m.io/xorm/core/db.go:154:QueryContext() [I] [SQL] SELECT user_id, count(*) AS count FROM notification WHERE user_id IN (SELECT user_id FROM notification WHERE updated_unix >= ? AND updated_unix < ?) AND status = ? GROUP BY user_id [1710655301 1710655311 1] - 322.011µs
2024/03/17 06:02:03 ...m.io/xorm/core/db.go:154:QueryContext() [I] [SQL] SELECT user_id, count(*) AS count FROM notification WHERE user_id IN (SELECT user_id FROM notification WHERE updated_unix >= ? AND updated_unix < ?) AND status = ? GROUP BY user_id [1710655311 1710655321 1] - 283.65µs
2024/03/17 06:02:13 ...m.io/xorm/core/db.go:154:QueryContext() [I] [SQL] SELECT user_id, count(*) AS count FROM notification WHERE user_id IN (SELECT user_id FROM notification WHERE updated_unix >= ? AND updated_unix < ?) AND status = ? GROUP BY user_id [1710655321 1710655331 1] - 135.555µs
2024/03/17 06:02:23 ...m.io/xorm/core/db.go:154:QueryContext() [I] [SQL] SELECT user_id, count(*) AS count FROM notification WHERE user_id IN (SELECT user_id FROM notification WHERE updated_unix >= ? AND updated_unix < ?) AND status = ? GROUP BY user_id [1710655331 1710655341 1] - 561.182µs
2024/03/17 06:02:33 ...m.io/xorm/core/db.go:154:QueryContext() [I] [SQL] SELECT user_id, count(*) AS count FROM notification WHERE user_id IN (SELECT user_id FROM notification WHERE updated_unix >= ? AND updated_unix < ?) AND status = ? GROUP BY user_id [1710655341 1710655351 1] - 440.658µs
2024/03/17 06:02:43 ...m.io/xorm/core/db.go:154:QueryContext() [I] [SQL] SELECT user_id, count(*) AS count FROM notification WHERE user_id IN (SELECT user_id FROM notification WHERE updated_unix >= ? AND updated_unix < ?) AND status = ? GROUP BY user_id [1710655351 1710655361 1] - 305.503µs
2024/03/17 06:02:53 ...m.io/xorm/core/db.go:154:QueryContext() [I] [SQL] SELECT user_id, count(*) AS count FROM notification WHERE user_id IN (SELECT user_id FROM notification WHERE updated_unix >= ? AND updated_unix < ?) AND status = ? GROUP BY user_id [1710655361 1710655371 1] - 99.215µs
2024/03/17 06:03:03 ...m.io/xorm/core/db.go:154:QueryContext() [I] [SQL] SELECT user_id, count(*) AS count FROM notification WHERE user_id IN (SELECT user_id FROM notification WHERE updated_unix >= ? AND updated_unix < ?) AND status = ? GROUP BY user_id [1710655371 1710655381 1] - 395.86µs
2024/03/17 06:03:13 ...m.io/xorm/core/db.go:154:QueryContext() [I] [SQL] SELECT user_id, count(*) AS count FROM notification WHERE user_id IN (SELECT user_id FROM notification WHERE updated_unix >= ? AND updated_unix < ?) AND status = ? GROUP BY user_id [1710655381 1710655391 1] - 530.415µs
2024/03/17 06:03:23 ...m.io/xorm/core/db.go:154:QueryContext() [I] [SQL] SELECT user_id, count(*) AS count FROM notification WHERE user_id IN (SELECT user_id FROM notification WHERE updated_unix >= ? AND updated_unix < ?) AND status = ? GROUP BY user_id [1710655391 1710655401 1] - 166.935µs
2024/03/17 06:03:33 ...m.io/xorm/core/db.go:154:QueryContext() [I] [SQL] SELECT user_id, count(*) AS count FROM notification WHERE user_id IN (SELECT user_id FROM notification WHERE updated_unix >= ? AND updated_unix < ?) AND status = ? GROUP BY user_id [1710655401 1710655411 1] - 327.148µs
2024/03/17 06:03:43 ...m.io/xorm/core/db.go:154:QueryContext() [I] [SQL] SELECT user_id, count(*) AS count FROM notification WHERE user_id IN (SELECT user_id FROM notification WHERE updated_unix >= ? AND updated_unix < ?) AND status = ? GROUP BY user_id [1710655411 1710655421 1] - 342.005µs
2024/03/17 06:03:53 ...m.io/xorm/core/db.go:154:QueryContext() [I] [SQL] SELECT user_id, count(*) AS count FROM notification WHERE user_id IN (SELECT user_id FROM notification WHERE updated_unix >= ? AND updated_unix < ?) AND status = ? GROUP BY user_id [1710655421 1710655431 1] - 353.079µs
2024/03/17 06:04:03 ...m.io/xorm/core/db.go:154:QueryContext() [I] [SQL] SELECT user_id, count(*) AS count FROM notification WHERE user_id IN (SELECT user_id FROM notification WHERE updated_unix >= ? AND updated_unix < ?) AND status = ? GROUP BY user_id [1710655431 1710655441 1] - 129.499µs
2024/03/17 06:04:13 ...m.io/xorm/core/db.go:154:QueryContext() [I] [SQL] SELECT user_id, count(*) AS count FROM notification WHERE user_id IN (SELECT user_id FROM notification WHERE updated_unix >= ? AND updated_unix < ?) AND status = ? GROUP BY user_id [1710655441 1710655451 1] - 334.981µs
2024/03/17 06:04:23 ...m.io/xorm/core/db.go:154:QueryContext() [I] [SQL] SELECT user_id, count(*) AS count FROM notification WHERE user_id IN (SELECT user_id FROM notification WHERE updated_unix >= ? AND updated_unix < ?) AND status = ? GROUP BY user_id [1710655451 1710655461 1] - 276.309µs
2024/03/17 06:04:33 ...m.io/xorm/core/db.go:154:QueryContext() [I] [SQL] SELECT user_id, count(*) AS count FROM notification WHERE user_id IN (SELECT user_id FROM notification WHERE updated_unix >= ? AND updated_unix < ?) AND status = ? GROUP BY user_id [1710655461 1710655471 1] - 315.813µs
2024/03/17 06:04:43 ...m.io/xorm/core/db.go:154:QueryContext() [I] [SQL] SELECT user_id, count(*) AS count FROM notification WHERE user_id IN (SELECT user_id FROM notification WHERE updated_unix >= ? AND updated_unix < ?) AND status = ? GROUP BY user_id [1710655471 1710655481 1] - 284.016µs
