Started at Thu Feb 22 13:24:12 UTC 2024
Processing agentcheck
Offering agentcheck to Project Build Discarder
Processing ansible-install
Offering ansible-install to Project Build Discarder
Processing cfk-deploy
Offering cfk-deploy to Project Build Discarder
Processing cfk-install
Offering cfk-install to Project Build Discarder
Processing cp-ansible-deploy
Offering cp-ansible-deploy to Project Build Discarder
Processing cp-operator-deploy
Offering cp-operator-deploy to Project Build Discarder
Processing cp-operator-install
Offering cp-operator-install to Project Build Discarder
Processing cp-operator-prerequisites
Offering cp-operator-prerequisites to Project Build Discarder
Processing cp-operator-upgrade
Offering cp-operator-upgrade to Project Build Discarder
Processing gitcheck
Offering gitcheck to Project Build Discarder
Processing servicescheck
Offering servicescheck to Project Build Discarder
Finished at Thu Feb 22 13:24:12 UTC 2024. 8ms
Started at Thu Feb 22 14:24:12 UTC 2024
Processing agentcheck
Offering agentcheck to Project Build Discarder
Processing ansible-install
Offering ansible-install to Project Build Discarder
Processing cfk-deploy
Offering cfk-deploy to Project Build Discarder
Processing cfk-install
Offering cfk-install to Project Build Discarder
Processing cp-ansible-deploy
Offering cp-ansible-deploy to Project Build Discarder
Processing cp-operator-deploy
Offering cp-operator-deploy to Project Build Discarder
Processing cp-operator-install
Offering cp-operator-install to Project Build Discarder
Processing cp-operator-prerequisites
Offering cp-operator-prerequisites to Project Build Discarder
Processing cp-operator-upgrade
Offering cp-operator-upgrade to Project Build Discarder
Processing gitcheck
Offering gitcheck to Project Build Discarder
Processing servicescheck
Offering servicescheck to Project Build Discarder
Finished at Thu Feb 22 14:24:12 UTC 2024. 9ms
Started at Thu Feb 22 15:24:12 UTC 2024
Processing agentcheck
Offering agentcheck to Project Build Discarder
Processing ansible-install
Offering ansible-install to Project Build Discarder
Processing cfk-deploy
Offering cfk-deploy to Project Build Discarder
Processing cfk-install
Offering cfk-install to Project Build Discarder
Processing cp-ansible-deploy
Offering cp-ansible-deploy to Project Build Discarder
Processing cp-operator-deploy
Offering cp-operator-deploy to Project Build Discarder
Processing cp-operator-install
Offering cp-operator-install to Project Build Discarder
Processing cp-operator-prerequisites
Offering cp-operator-prerequisites to Project Build Discarder
Processing cp-operator-upgrade
Offering cp-operator-upgrade to Project Build Discarder
Processing gitcheck
Offering gitcheck to Project Build Discarder
Processing servicescheck
Offering servicescheck to Project Build Discarder
Finished at Thu Feb 22 15:24:12 UTC 2024. 1ms
Started at Thu Feb 22 16:24:12 UTC 2024
Processing agentcheck
Offering agentcheck to Project Build Discarder
Processing ansible-install
Offering ansible-install to Project Build Discarder
Processing cfk-deploy
Offering cfk-deploy to Project Build Discarder
Processing cfk-install
Offering cfk-install to Project Build Discarder
Processing cp-ansible-deploy
Offering cp-ansible-deploy to Project Build Discarder
Processing cp-operator-deploy
Offering cp-operator-deploy to Project Build Discarder
Processing cp-operator-install
Offering cp-operator-install to Project Build Discarder
Processing cp-operator-prerequisites
Offering cp-operator-prerequisites to Project Build Discarder
Processing cp-operator-upgrade
Offering cp-operator-upgrade to Project Build Discarder
Processing gitcheck
Offering gitcheck to Project Build Discarder
Processing servicescheck
Offering servicescheck to Project Build Discarder
Finished at Thu Feb 22 16:24:12 UTC 2024. 1ms
Started at Thu Feb 22 17:24:12 UTC 2024
Processing agentcheck
Offering agentcheck to Project Build Discarder
Processing ansible-install
Offering ansible-install to Project Build Discarder
Processing cfk-deploy
Offering cfk-deploy to Project Build Discarder
Processing cfk-install
Offering cfk-install to Project Build Discarder
Processing cp-ansible-deploy
Offering cp-ansible-deploy to Project Build Discarder
Processing cp-operator-deploy
Offering cp-operator-deploy to Project Build Discarder
Processing cp-operator-install
Offering cp-operator-install to Project Build Discarder
Processing cp-operator-prerequisites
Offering cp-operator-prerequisites to Project Build Discarder
Processing cp-operator-upgrade
Offering cp-operator-upgrade to Project Build Discarder
Processing gitcheck
Offering gitcheck to Project Build Discarder
Processing servicescheck
Offering servicescheck to Project Build Discarder
Finished at Thu Feb 22 17:24:13 UTC 2024. 525ms
